2026-05-14 11:57:13 [INFO] Pulling primary_table rows for classification…
2026-05-14 11:58:19 [INFO]   Loaded 103,635 primary_table rows
2026-05-14 11:58:19 [INFO]   3,626 unique ads to classify
2026-05-14 11:58:19 [INFO] Upserting 3,626 rows into ad_results…
2026-05-14 11:58:35 [INFO] Classification complete.
2026-05-14 11:58:35 [INFO]   Winner:             256
2026-05-14 11:58:35 [INFO]   Result Pending:     273
2026-05-14 11:58:35 [INFO]   Failed:           3,097
2026-05-14 11:58:35 [INFO]   TOTAL:            3,626
2026-05-14 13:11:54 [INFO] Pulling primary_table rows for classification…
2026-05-14 13:17:54 [INFO]   Loaded 104,433 primary_table rows
2026-05-14 13:17:54 [INFO]   3,644 unique ads to classify
2026-05-14 13:17:54 [INFO] Upserting 3,644 rows into ad_results…
2026-05-14 13:18:28 [INFO] Classification complete.
2026-05-14 13:18:28 [INFO]   Winner:             256
2026-05-14 13:18:28 [INFO]   Result Pending:     291
2026-05-14 13:18:28 [INFO]   Failed:           3,097
2026-05-14 13:18:28 [INFO]   TOTAL:            3,644
2026-05-15 13:46:01 [INFO] Pulling primary_table rows for classification…
2026-05-15 13:50:30 [INFO]   Loaded 105,328 primary_table rows
2026-05-15 13:50:30 [INFO]   3,649 unique ads to classify
2026-05-15 13:50:30 [INFO] Upserting 3,649 rows into ad_results…
2026-05-15 13:50:40 [INFO] Classification complete.
2026-05-15 13:50:40 [INFO]   Winner:             259
2026-05-15 13:50:40 [INFO]   Result Pending:     291
2026-05-15 13:50:40 [INFO]   Failed:           3,099
2026-05-15 13:50:40 [INFO]   TOTAL:            3,649
2026-05-18 10:55:35 [INFO] Pulling primary_table rows for classification…
2026-05-18 11:24:12 [INFO] Pulling primary_table rows for classification…
2026-05-18 11:26:21 [INFO] Pulling primary_table rows for classification…
2026-05-18 11:29:16 [INFO] Pulling primary_table rows for classification…
2026-05-18 11:31:05 [INFO]   Loaded 107,440 primary_table rows
2026-05-18 11:31:05 [INFO]   3,795 unique ads to classify
2026-05-18 11:31:05 [INFO] Upserting 3,795 rows into ad_results…
2026-05-18 11:31:15 [INFO] Classification complete.
2026-05-18 11:31:15 [INFO]   Winner:             261
2026-05-18 11:31:15 [INFO]   Result Pending:     319
2026-05-18 11:31:15 [INFO]   Failed:           3,215
2026-05-18 11:31:15 [INFO]   TOTAL:            3,795
2026-05-19 13:06:44 [INFO] Pulling primary_table rows for classification…
2026-05-19 13:08:41 [INFO]   Loaded 109,229 primary_table rows
2026-05-19 13:08:42 [INFO]   3,827 unique ads to classify
2026-05-19 13:08:42 [INFO] Upserting 3,827 rows into ad_results…
2026-05-19 13:08:59 [INFO] Classification complete.
2026-05-19 13:08:59 [INFO]   Winner:             264
2026-05-19 13:08:59 [INFO]   Result Pending:     320
2026-05-19 13:08:59 [INFO]   Failed:           3,243
2026-05-19 13:08:59 [INFO]   TOTAL:            3,827
2026-05-21 17:00:37 [INFO] Pulling primary_table rows for classification…
2026-05-21 17:02:49 [INFO]   Loaded 111,050 primary_table rows
2026-05-21 17:02:49 [INFO]   3,853 unique ads to classify
2026-05-21 17:02:49 [INFO] Upserting 3,853 rows into ad_results…
2026-05-21 17:03:10 [INFO] Classification complete.
2026-05-21 17:03:10 [INFO]   Winner:             268
2026-05-21 17:03:10 [INFO]   Result Pending:     292
2026-05-21 17:03:10 [INFO]   Failed:           3,293
2026-05-21 17:03:10 [INFO]   TOTAL:            3,853
2026-05-22 14:06:41 [INFO] Pulling primary_table rows for classification…
2026-05-22 14:08:23 [INFO]   Loaded 111,878 primary_table rows
2026-05-22 14:08:23 [INFO]   3,857 unique ads to classify
2026-05-22 14:08:23 [INFO] Upserting 3,857 rows into ad_results…
2026-05-22 14:08:39 [INFO] Classification complete.
2026-05-22 14:08:39 [INFO]   Winner:             269
2026-05-22 14:08:39 [INFO]   Result Pending:     288
2026-05-22 14:08:39 [INFO]   Failed:           3,300
2026-05-22 14:08:39 [INFO]   TOTAL:            3,857
2026-05-22 16:52:12 [INFO] Pulling primary_table rows for classification…
2026-05-22 16:53:57 [INFO]   Loaded 111,878 primary_table rows
2026-05-22 16:53:57 [INFO]   3,857 unique ads to classify
2026-05-22 16:53:57 [INFO] Upserting 3,857 rows into ad_results…
2026-05-22 16:54:15 [INFO] Classification complete.
2026-05-22 16:54:15 [INFO]   Winner:             269
2026-05-22 16:54:15 [INFO]   Result Pending:     288
2026-05-22 16:54:15 [INFO]   Failed:           3,300
2026-05-22 16:54:15 [INFO]   TOTAL:            3,857
2026-05-22 19:54:49 [INFO] Pulling primary_table rows for classification…
2026-05-22 19:55:54 [INFO]   Loaded 111,878 primary_table rows
2026-05-22 19:55:55 [INFO]   3,857 unique ads to classify
2026-05-22 19:55:55 [INFO] Upserting 3,857 rows into ad_results…
2026-05-22 19:56:11 [INFO] Classification complete.
2026-05-22 19:56:11 [INFO]   Winner:             269
2026-05-22 19:56:11 [INFO]   Result Pending:     288
2026-05-22 19:56:11 [INFO]   Failed:           3,300
2026-05-22 19:56:11 [INFO]   TOTAL:            3,857
2026-05-23 13:05:41 [INFO] Pulling primary_table rows for classification…
2026-05-23 13:08:27 [INFO]   Loaded 112,758 primary_table rows
2026-05-23 13:08:27 [INFO]   3,872 unique ads to classify
2026-05-23 13:08:27 [INFO] Upserting 3,872 rows into ad_results…
2026-05-23 13:09:26 [INFO] Classification complete.
2026-05-23 13:09:26 [INFO]   Winner:             270
2026-05-23 13:09:26 [INFO]   Result Pending:     276
2026-05-23 13:09:26 [INFO]   Failed:           3,326
2026-05-23 13:09:26 [INFO]   TOTAL:            3,872
2026-05-25 13:53:44 [INFO] Pulling primary_table rows for classification…
2026-05-25 13:56:19 [INFO]   Loaded 114,534 primary_table rows
2026-05-25 13:56:19 [INFO]   3,921 unique ads to classify
2026-05-25 13:56:19 [INFO] Upserting 3,921 rows into ad_results…
2026-05-25 13:56:37 [INFO] Classification complete.
2026-05-25 13:56:37 [INFO]   Winner:             273
2026-05-25 13:56:37 [INFO]   Result Pending:     278
2026-05-25 13:56:37 [INFO]   Failed:           3,370
2026-05-25 13:56:37 [INFO]   TOTAL:            3,921
2026-05-25 17:10:46 [INFO] Pulling primary_table rows for classification…
2026-05-25 17:12:25 [INFO]   Loaded 114,566 primary_table rows
2026-05-25 17:12:26 [INFO]   3,923 unique ads to classify
2026-05-25 17:12:26 [INFO] Upserting 3,923 rows into ad_results…
2026-05-25 17:12:42 [INFO] Classification complete.
2026-05-25 17:12:42 [INFO]   Winner:             274
2026-05-25 17:12:42 [INFO]   Result Pending:     278
2026-05-25 17:12:42 [INFO]   Failed:           3,371
2026-05-25 17:12:42 [INFO]   TOTAL:            3,923
2026-05-26 13:13:03 [INFO] Pulling primary_table rows for classification…
2026-05-26 13:15:24 [INFO]   Loaded 115,405 primary_table rows
2026-05-26 13:15:25 [INFO]   3,930 unique ads to classify
2026-05-26 13:15:25 [INFO] Upserting 3,930 rows into ad_results…
2026-05-26 13:15:40 [INFO] Classification complete.
2026-05-26 13:15:40 [INFO]   Winner:             275
2026-05-26 13:15:40 [INFO]   Result Pending:     274
2026-05-26 13:15:40 [INFO]   Failed:           3,381
2026-05-26 13:15:40 [INFO]   TOTAL:            3,930
2026-05-27 11:42:25 [INFO] Pulling primary_table rows for classification…
2026-05-27 11:46:07 [INFO]   Loaded 116,190 primary_table rows
2026-05-27 11:46:07 [INFO]   3,936 unique ads to classify
2026-05-27 11:46:07 [INFO] Upserting 3,936 rows into ad_results…
2026-05-27 11:46:24 [INFO] Classification complete.
2026-05-27 11:46:24 [INFO]   Winner:             276
2026-05-27 11:46:24 [INFO]   Result Pending:     278
2026-05-27 11:46:24 [INFO]   Failed:           3,382
2026-05-27 11:46:24 [INFO]   TOTAL:            3,936
2026-05-27 13:35:18 [INFO] Pulling primary_table rows for classification…
2026-05-27 13:38:16 [INFO]   Loaded 123,302 primary_table rows
2026-05-27 13:38:16 [INFO]   4,378 unique ads to classify
2026-05-27 13:38:16 [INFO] Upserting 4,378 rows into ad_results…
2026-05-27 13:38:37 [INFO] Classification complete.
2026-05-27 13:38:37 [INFO]   Winner:             276
2026-05-27 13:38:37 [INFO]   Result Pending:     295
2026-05-27 13:38:37 [INFO]   Failed:           3,807
2026-05-27 13:38:37 [INFO]   TOTAL:            4,378
