2026-05-30 13:29:49 [INFO] =================================================================
2026-05-30 13:29:49 [INFO]   SAADAA — Meta Ads Full Historical Backfill → backfill_table
2026-05-30 13:29:49 [INFO] =================================================================
2026-05-30 13:29:49 [INFO]   Date range : 2026-05-04 → 2026-05-30
2026-05-30 13:29:49 [INFO]   Accounts   : 3
2026-05-30 13:29:49 [INFO]     • Raho Saadaa (ID: 1136644150469466)
2026-05-30 13:29:49 [INFO]     • Fourth Ad Account - SD (ID: 1349767139294217)
2026-05-30 13:29:49 [INFO]     • Third Ad Account - SD (ID: 264868699479122)
2026-05-30 13:29:49 [INFO]   Chunk size : 7 days per API request
2026-05-30 13:29:49 [INFO]   Dry run    : False
2026-05-30 13:29:49 [INFO]   Progress   : D:\Creative_Testing_Dashboard\backend\backfill_progress.json
2026-05-30 13:29:49 [INFO] =================================================================
2026-05-30 13:29:51 [INFO]   ✓ Supabase connection OK
2026-05-30 13:29:51 [INFO] 
2026-05-30 13:29:51 [INFO] ▶  Raho Saadaa
2026-05-30 13:29:51 [INFO]   Total chunks: 4 (7-day each)
2026-05-30 13:29:51 [INFO]   [  1/12]   8.3%  2026-05-04 → 2026-05-10  fetching...
2026-05-30 13:32:29 [INFO]              → 3465 rows fetched, 3465 inserted
2026-05-30 13:32:31 [INFO]   [  2/12]  16.7%  2026-05-11 → 2026-05-17  fetching...
2026-05-30 13:35:24 [INFO]              → 3487 rows fetched, 3487 inserted
2026-05-30 13:35:25 [INFO]   [  3/12]  25.0%  2026-05-18 → 2026-05-24  fetching...
2026-05-30 13:37:29 [INFO]              → 3284 rows fetched, 3284 inserted
2026-05-30 13:37:30 [INFO]   [  4/12]  33.3%  2026-05-25 → 2026-05-30  fetching...
2026-05-30 13:39:19 [INFO]              → 2454 rows fetched, 2454 inserted
2026-05-30 13:39:20 [INFO]   ✅ Raho Saadaa: 12,690 fetched, 12,690 inserted
2026-05-30 13:39:20 [INFO] 
2026-05-30 13:39:20 [INFO] ▶  Fourth Ad Account - SD
2026-05-30 13:39:20 [INFO]   Total chunks: 4 (7-day each)
2026-05-30 13:39:20 [INFO]   [  5/12]  41.7%  2026-05-04 → 2026-05-10  fetching...
2026-05-30 13:39:53 [INFO]              → 868 rows fetched, 868 inserted
2026-05-30 13:39:54 [INFO]   [  6/12]  50.0%  2026-05-11 → 2026-05-17  fetching...
2026-05-30 13:40:28 [INFO]              → 890 rows fetched, 890 inserted
2026-05-30 13:40:29 [INFO]   [  7/12]  58.3%  2026-05-18 → 2026-05-24  fetching...
2026-05-30 13:41:10 [INFO]              → 935 rows fetched, 935 inserted
2026-05-30 13:41:11 [INFO]   [  8/12]  66.7%  2026-05-25 → 2026-05-30  fetching...
2026-05-30 13:41:40 [INFO]              → 814 rows fetched, 814 inserted
2026-05-30 13:41:41 [INFO]   ✅ Fourth Ad Account - SD: 3,507 fetched, 3,507 inserted
2026-05-30 13:41:41 [INFO] 
2026-05-30 13:41:41 [INFO] ▶  Third Ad Account - SD
2026-05-30 13:41:41 [INFO]   Total chunks: 4 (7-day each)
2026-05-30 13:41:41 [INFO]   [  9/12]  75.0%  2026-05-04 → 2026-05-10  fetching...
2026-05-30 13:42:05 [INFO]              → 801 rows fetched, 801 inserted
2026-05-30 13:42:06 [INFO]   [ 10/12]  83.3%  2026-05-11 → 2026-05-17  fetching...
2026-05-30 13:42:32 [INFO]              → 820 rows fetched, 820 inserted
2026-05-30 13:42:33 [INFO]   [ 11/12]  91.7%  2026-05-18 → 2026-05-24  fetching...
2026-05-30 13:42:53 [INFO]              → 776 rows fetched, 776 inserted
2026-05-30 13:42:54 [INFO]   [ 12/12] 100.0%  2026-05-25 → 2026-05-30  fetching...
2026-05-30 13:43:09 [INFO]              → 559 rows fetched, 559 inserted
2026-05-30 13:43:10 [INFO]   ✅ Third Ad Account - SD: 2,956 fetched, 2,956 inserted
2026-05-30 13:43:10 [INFO] 
2026-05-30 13:43:10 [INFO]   Progress file cleared (backfill complete)
2026-05-30 13:43:10 [INFO] =================================================================
2026-05-30 13:43:10 [INFO]   BACKFILL COMPLETE
2026-05-30 13:43:10 [INFO]   Rows fetched  : 19,153
2026-05-30 13:43:10 [INFO]   Rows inserted : 19,153
2026-05-30 13:43:10 [INFO]   Time elapsed  : 13m 19s
2026-05-30 13:43:10 [INFO] =================================================================
2026-06-02 17:59:50 [INFO] =================================================================
2026-06-02 17:59:50 [INFO]   SAADAA — Meta Ads Full Historical Backfill → backfill_table
2026-06-02 17:59:50 [INFO] =================================================================
2026-06-02 17:59:50 [INFO]   Date range : 2026-05-30 → 2026-06-02
2026-06-02 17:59:50 [INFO]   Accounts   : 3
2026-06-02 17:59:50 [INFO]     • Raho Saadaa (ID: 1136644150469466)
2026-06-02 17:59:50 [INFO]     • Fourth Ad Account - SD (ID: 1349767139294217)
2026-06-02 17:59:50 [INFO]     • Third Ad Account - SD (ID: 264868699479122)
2026-06-02 17:59:50 [INFO]   Chunk size : 7 days per API request
2026-06-02 17:59:50 [INFO]   Dry run    : False
2026-06-02 17:59:50 [INFO]   Progress   : D:\Creative_Testing_Dashboard\backend\backfill_progress.json
2026-06-02 17:59:50 [INFO] =================================================================
2026-06-02 17:59:52 [INFO]   ✓ Supabase connection OK
2026-06-02 17:59:52 [INFO] 
2026-06-02 17:59:52 [INFO] ▶  Raho Saadaa
2026-06-02 17:59:52 [INFO]   Total chunks: 1 (7-day each)
2026-06-02 17:59:52 [INFO]   [  1/3]  33.3%  2026-05-30 → 2026-06-02  fetching...
2026-06-02 18:01:12 [INFO]              → 1589 rows fetched, 1589 inserted
2026-06-02 18:01:13 [INFO]   ✅ Raho Saadaa: 1,589 fetched, 1,589 inserted
2026-06-02 18:01:13 [INFO] 
2026-06-02 18:01:13 [INFO] ▶  Fourth Ad Account - SD
2026-06-02 18:01:13 [INFO]   Total chunks: 1 (7-day each)
2026-06-02 18:01:13 [INFO]   [  2/3]  66.7%  2026-05-30 → 2026-06-02  fetching...
2026-06-02 18:01:45 [INFO]              → 659 rows fetched, 659 inserted
2026-06-02 18:01:46 [INFO]   ✅ Fourth Ad Account - SD: 659 fetched, 659 inserted
2026-06-02 18:01:46 [INFO] 
2026-06-02 18:01:46 [INFO] ▶  Third Ad Account - SD
2026-06-02 18:01:46 [INFO]   Total chunks: 1 (7-day each)
2026-06-02 18:01:46 [INFO]   [  3/3] 100.0%  2026-05-30 → 2026-06-02  fetching...
2026-06-02 18:01:57 [INFO]              → 366 rows fetched, 366 inserted
2026-06-02 18:01:58 [INFO]   ✅ Third Ad Account - SD: 366 fetched, 366 inserted
2026-06-02 18:01:58 [INFO] 
2026-06-02 18:01:58 [INFO]   Progress file cleared (backfill complete)
2026-06-02 18:01:58 [INFO] =================================================================
2026-06-02 18:01:58 [INFO]   BACKFILL COMPLETE
2026-06-02 18:01:58 [INFO]   Rows fetched  : 2,614
2026-06-02 18:01:58 [INFO]   Rows inserted : 2,614
2026-06-02 18:01:58 [INFO]   Time elapsed  : 2m 6s
2026-06-02 18:01:58 [INFO] =================================================================
2026-06-03 12:38:38 [INFO] =================================================================
2026-06-03 12:38:38 [INFO]   SAADAA — Meta Ads Full Historical Backfill → backfill_table
2026-06-03 12:38:38 [INFO] =================================================================
2026-06-03 12:38:38 [INFO]   Date range : 2026-06-01 → 2026-06-03
2026-06-03 12:38:38 [INFO]   Accounts   : 3
2026-06-03 12:38:38 [INFO]     • Raho Saadaa (ID: 1136644150469466)
2026-06-03 12:38:38 [INFO]     • Fourth Ad Account - SD (ID: 1349767139294217)
2026-06-03 12:38:38 [INFO]     • Third Ad Account - SD (ID: 264868699479122)
2026-06-03 12:38:38 [INFO]   Chunk size : 7 days per API request
2026-06-03 12:38:38 [INFO]   Dry run    : False
2026-06-03 12:38:38 [INFO]   Progress   : D:\Creative_Testing_Dashboard\backend\backfill_progress.json
2026-06-03 12:38:38 [INFO] =================================================================
2026-06-03 12:38:39 [INFO]   ✓ Supabase connection OK
2026-06-03 12:38:39 [INFO] 
2026-06-03 12:38:39 [INFO] ▶  Raho Saadaa
2026-06-03 12:38:39 [INFO]   Total chunks: 1 (7-day each)
2026-06-03 12:38:39 [INFO]   [  1/3]  33.3%  2026-06-01 → 2026-06-03  fetching...
2026-06-03 12:39:38 [INFO]              → 1107 rows fetched, 1107 inserted
2026-06-03 12:39:39 [INFO]   ✅ Raho Saadaa: 1,107 fetched, 1,107 inserted
2026-06-03 12:39:39 [INFO] 
2026-06-03 12:39:39 [INFO] ▶  Fourth Ad Account - SD
2026-06-03 12:39:39 [INFO]   Total chunks: 1 (7-day each)
2026-06-03 12:39:39 [INFO]   [  2/3]  66.7%  2026-06-01 → 2026-06-03  fetching...
2026-06-03 12:40:04 [INFO]              → 487 rows fetched, 487 inserted
2026-06-03 12:40:05 [INFO]   ✅ Fourth Ad Account - SD: 487 fetched, 487 inserted
2026-06-03 12:40:05 [INFO] 
2026-06-03 12:40:05 [INFO] ▶  Third Ad Account - SD
2026-06-03 12:40:05 [INFO]   Total chunks: 1 (7-day each)
2026-06-03 12:40:05 [INFO]   [  3/3] 100.0%  2026-06-01 → 2026-06-03  fetching...
2026-06-03 12:40:18 [INFO]              → 269 rows fetched, 269 inserted
2026-06-03 12:40:19 [INFO]   ✅ Third Ad Account - SD: 269 fetched, 269 inserted
2026-06-03 12:40:19 [INFO] 
2026-06-03 12:40:19 [INFO]   Progress file cleared (backfill complete)
2026-06-03 12:40:19 [INFO] =================================================================
2026-06-03 12:40:19 [INFO]   BACKFILL COMPLETE
2026-06-03 12:40:19 [INFO]   Rows fetched  : 1,863
2026-06-03 12:40:19 [INFO]   Rows inserted : 1,863
2026-06-03 12:40:19 [INFO]   Time elapsed  : 1m 40s
2026-06-03 12:40:19 [INFO] =================================================================
2026-06-05 11:55:49 [INFO] =================================================================
2026-06-05 11:55:49 [INFO]   SAADAA — Meta Ads Full Historical Backfill → backfill_table
2026-06-05 11:55:49 [INFO] =================================================================
2026-06-05 11:55:49 [INFO]   Date range : 2026-06-02 → 2026-06-05
2026-06-05 11:55:49 [INFO]   Accounts   : 3
2026-06-05 11:55:49 [INFO]     • Raho Saadaa (ID: 1136644150469466)
2026-06-05 11:55:49 [INFO]     • Fourth Ad Account - SD (ID: 1349767139294217)
2026-06-05 11:55:49 [INFO]     • Third Ad Account - SD (ID: 264868699479122)
2026-06-05 11:55:49 [INFO]   Chunk size : 7 days per API request
2026-06-05 11:55:49 [INFO]   Dry run    : False
2026-06-05 11:55:49 [INFO]   Progress   : D:\Creative_Testing_Dashboard\backend\backfill_progress.json
2026-06-05 11:55:49 [INFO] =================================================================
2026-06-05 11:55:50 [INFO]   ✓ Supabase connection OK
2026-06-05 11:55:50 [INFO] 
2026-06-05 11:55:50 [INFO] ▶  Raho Saadaa
2026-06-05 11:55:50 [INFO]   Total chunks: 1 (7-day each)
2026-06-05 11:55:50 [INFO]   [  1/3]  33.3%  2026-06-02 → 2026-06-05  fetching...
2026-06-05 11:57:45 [INFO]              → 1493 rows fetched, 1493 inserted
2026-06-05 11:57:47 [INFO]   ✅ Raho Saadaa: 1,493 fetched, 1,493 inserted
2026-06-05 11:57:47 [INFO] 
2026-06-05 11:57:47 [INFO] ▶  Fourth Ad Account - SD
2026-06-05 11:57:47 [INFO]   Total chunks: 1 (7-day each)
2026-06-05 11:57:47 [INFO]   [  2/3]  66.7%  2026-06-02 → 2026-06-05  fetching...
2026-06-05 11:58:23 [INFO]              → 620 rows fetched, 620 inserted
2026-06-05 11:58:24 [INFO]   ✅ Fourth Ad Account - SD: 620 fetched, 620 inserted
2026-06-05 11:58:24 [INFO] 
2026-06-05 11:58:24 [INFO] ▶  Third Ad Account - SD
2026-06-05 11:58:24 [INFO]   Total chunks: 1 (7-day each)
2026-06-05 11:58:24 [INFO]   [  3/3] 100.0%  2026-06-02 → 2026-06-05  fetching...
2026-06-05 11:59:03 [WARNING]     Ad metadata fetch error: HTTPSConnectionPool(host='graph.facebook.com', port=443): Read timed out. (read timeout=30)
2026-06-05 11:59:34 [WARNING]     Ad metadata fetch error: HTTPSConnectionPool(host='graph.facebook.com', port=443): Read timed out. (read timeout=30)
2026-06-05 11:59:40 [INFO]              → 340 rows fetched, 340 inserted
2026-06-05 11:59:41 [INFO]   ✅ Third Ad Account - SD: 340 fetched, 340 inserted
2026-06-05 11:59:41 [INFO] 
2026-06-05 11:59:41 [INFO]   Progress file cleared (backfill complete)
2026-06-05 11:59:41 [INFO] =================================================================
2026-06-05 11:59:41 [INFO]   BACKFILL COMPLETE
2026-06-05 11:59:41 [INFO]   Rows fetched  : 2,453
2026-06-05 11:59:41 [INFO]   Rows inserted : 2,453
2026-06-05 11:59:41 [INFO]   Time elapsed  : 3m 50s
2026-06-05 11:59:41 [INFO] =================================================================
