2026-05-28 12:30:08 [INFO] ============================================================
2026-05-28 12:30:08 [INFO]   HOURLY IMPRESSIONS REFRESH
2026-05-28 12:30:08 [INFO]   Window: 2026-04-29 → 2026-05-28
2026-05-28 12:30:08 [INFO] ============================================================
2026-05-28 12:30:09 [INFO] ▶ Raho Saadaa
2026-05-28 12:30:09 [INFO]   Fetching today's Meta data...
2026-05-28 12:30:21 [INFO]   → 342 ads from Meta
2026-05-28 12:30:21 [INFO]   Reading primary_table from 2026-04-29...
2026-05-28 12:31:32 [INFO]   → 25315 historical rows
2026-05-28 12:31:32 [INFO]   → 1634 unique ads aggregated
2026-05-28 12:31:34 [INFO]   ✓ results_table row written
2026-05-28 12:31:34 [INFO] ▶ Fourth Ad Account - SD
2026-05-28 12:31:34 [INFO]   Fetching today's Meta data...
2026-05-28 12:31:38 [INFO]   → 103 ads from Meta
2026-05-28 12:31:38 [INFO]   Reading primary_table from 2026-04-29...
2026-05-28 12:31:51 [INFO]   → 5441 historical rows
2026-05-28 12:31:51 [INFO]   → 354 unique ads aggregated
2026-05-28 12:31:51 [INFO]   ✓ results_table row written
2026-05-28 12:31:51 [INFO] ▶ Third Ad Account - SD
2026-05-28 12:31:51 [INFO]   Fetching today's Meta data...
2026-05-28 12:31:54 [INFO]   → 68 ads from Meta
2026-05-28 12:31:54 [INFO]   Reading primary_table from 2026-04-29...
2026-05-28 12:32:12 [INFO]   → 4593 historical rows
2026-05-28 12:32:12 [INFO]   → 243 unique ads aggregated
2026-05-28 12:32:13 [INFO]   ✓ results_table row written
2026-05-28 12:32:13 [INFO] ▶ All Accounts (combined)
2026-05-28 12:32:17 [INFO]   ✓ Combined row written — 2231 unique ads
2026-05-28 12:32:18 [INFO] Purged old rows — keeping latest 1 per account
2026-05-28 12:32:18 [INFO] DONE at 12:32:18
2026-05-28 13:30:02 [INFO] ============================================================
2026-05-28 13:30:02 [INFO]   HOURLY IMPRESSIONS REFRESH
2026-05-28 13:30:02 [INFO]   Window: 2026-04-29 → 2026-05-28
2026-05-28 13:30:02 [INFO] ============================================================
2026-05-28 13:30:04 [INFO] ▶ Raho Saadaa
2026-05-28 13:30:04 [INFO]   Fetching today's Meta data...
2026-05-28 13:30:18 [INFO]   → 354 ads from Meta
2026-05-28 13:30:18 [INFO]   Reading primary_table from 2026-04-29...
2026-05-28 13:31:11 [INFO]   → 25315 historical rows
2026-05-28 13:31:11 [INFO]   → 1634 unique ads aggregated
2026-05-28 13:31:13 [INFO]   ✓ results_table row written
2026-05-28 13:31:13 [INFO] ▶ Fourth Ad Account - SD
2026-05-28 13:31:13 [INFO]   Fetching today's Meta data...
2026-05-28 13:31:17 [INFO]   → 110 ads from Meta
2026-05-28 13:31:17 [INFO]   Reading primary_table from 2026-04-29...
2026-05-28 13:31:29 [INFO]   → 5441 historical rows
2026-05-28 13:31:29 [INFO]   → 357 unique ads aggregated
2026-05-28 13:31:30 [INFO]   ✓ results_table row written
2026-05-28 13:31:30 [INFO] ▶ Third Ad Account - SD
2026-05-28 13:31:30 [INFO]   Fetching today's Meta data...
2026-05-28 13:31:32 [INFO]   → 74 ads from Meta
2026-05-28 13:31:32 [INFO]   Reading primary_table from 2026-04-29...
2026-05-28 13:31:43 [INFO]   → 4593 historical rows
2026-05-28 13:31:43 [INFO]   → 243 unique ads aggregated
2026-05-28 13:31:43 [INFO]   ✓ results_table row written
2026-05-28 13:31:43 [INFO] ▶ All Accounts (combined)
2026-05-28 13:31:46 [INFO]   ✓ Combined row written — 2234 unique ads
2026-05-28 13:31:47 [INFO] Purged old rows — keeping latest 1 per account
2026-05-28 13:31:47 [INFO] DONE at 13:31:47
2026-05-28 15:30:15 [INFO] ============================================================
2026-05-28 15:30:15 [INFO]   HOURLY IMPRESSIONS REFRESH
2026-05-28 15:30:15 [INFO]   Window: 2026-04-29 → 2026-05-28
2026-05-28 15:30:15 [INFO] ============================================================
2026-05-28 15:30:16 [INFO] ▶ Raho Saadaa
2026-05-28 15:30:16 [INFO]   Fetching today's Meta data...
2026-05-28 15:30:26 [INFO]   → 369 ads from Meta
2026-05-28 15:30:26 [INFO]   Reading primary_table from 2026-04-29...
2026-05-28 15:31:28 [INFO]   → 25315 historical rows
2026-05-28 15:31:28 [INFO]   → 1634 unique ads aggregated
2026-05-28 15:31:30 [INFO]   ✓ results_table row written
2026-05-28 15:31:30 [INFO] ▶ Fourth Ad Account - SD
2026-05-28 15:31:30 [INFO]   Fetching today's Meta data...
2026-05-28 15:31:33 [INFO]   → 116 ads from Meta
2026-05-28 15:31:33 [INFO]   Reading primary_table from 2026-04-29...
2026-05-28 15:31:43 [INFO]   → 5441 historical rows
2026-05-28 15:31:43 [INFO]   → 359 unique ads aggregated
2026-05-28 15:31:44 [INFO]   ✓ results_table row written
2026-05-28 15:31:44 [INFO] ▶ Third Ad Account - SD
2026-05-28 15:31:44 [INFO]   Fetching today's Meta data...
2026-05-28 15:31:47 [INFO]   → 79 ads from Meta
2026-05-28 15:31:47 [INFO]   Reading primary_table from 2026-04-29...
2026-05-28 15:31:58 [INFO]   → 4593 historical rows
2026-05-28 15:31:58 [INFO]   → 243 unique ads aggregated
2026-05-28 15:31:58 [INFO]   ✓ results_table row written
2026-05-28 15:31:58 [INFO] ▶ All Accounts (combined)
2026-05-28 15:32:01 [INFO]   ✓ Combined row written — 2236 unique ads
2026-05-28 15:32:01 [INFO] Purged old rows — keeping latest 1 per account
2026-05-28 15:32:01 [INFO] DONE at 15:32:01
2026-05-28 16:30:04 [INFO] ============================================================
2026-05-28 16:30:04 [INFO]   HOURLY IMPRESSIONS REFRESH
2026-05-28 16:30:04 [INFO]   Window: 2026-04-29 → 2026-05-28
2026-05-28 16:30:04 [INFO] ============================================================
2026-05-28 16:30:05 [INFO] ▶ Raho Saadaa
2026-05-28 16:30:05 [INFO]   Fetching today's Meta data...
2026-05-28 16:30:17 [INFO]   → 391 ads from Meta
2026-05-28 16:30:17 [INFO]   Reading primary_table from 2026-04-29...
2026-05-28 16:31:17 [INFO]   → 25315 historical rows
2026-05-28 16:31:17 [INFO]   → 1636 unique ads aggregated
2026-05-28 16:31:19 [INFO]   ✓ results_table row written
2026-05-28 16:31:19 [INFO] ▶ Fourth Ad Account - SD
2026-05-28 16:31:19 [INFO]   Fetching today's Meta data...
2026-05-28 16:31:23 [INFO]   → 125 ads from Meta
2026-05-28 16:31:23 [INFO]   Reading primary_table from 2026-04-29...
2026-05-28 16:31:43 [INFO]   → 5441 historical rows
2026-05-28 16:31:43 [INFO]   → 359 unique ads aggregated
2026-05-28 16:31:44 [INFO]   ✓ results_table row written
2026-05-28 16:31:44 [INFO] ▶ Third Ad Account - SD
2026-05-28 16:31:44 [INFO]   Fetching today's Meta data...
2026-05-28 16:31:47 [INFO]   → 81 ads from Meta
2026-05-28 16:31:47 [INFO]   Reading primary_table from 2026-04-29...
2026-05-28 16:32:00 [INFO]   → 4593 historical rows
2026-05-28 16:32:00 [INFO]   → 244 unique ads aggregated
2026-05-28 16:32:00 [INFO]   ✓ results_table row written
2026-05-28 16:32:00 [INFO] ▶ All Accounts (combined)
2026-05-28 16:32:04 [INFO]   ✓ Combined row written — 2239 unique ads
2026-05-28 16:32:05 [INFO] Purged old rows — keeping latest 1 per account
2026-05-28 16:32:05 [INFO] DONE at 16:32:05
2026-05-28 17:30:25 [INFO] ============================================================
2026-05-28 17:30:25 [INFO]   HOURLY IMPRESSIONS REFRESH
2026-05-28 17:30:25 [INFO]   Window: 2026-04-29 → 2026-05-28
2026-05-28 17:30:25 [INFO] ============================================================
2026-05-28 17:30:26 [INFO] ▶ Raho Saadaa
2026-05-28 17:30:26 [INFO]   Fetching today's Meta data...
2026-05-28 17:30:34 [INFO]   → 405 ads from Meta
2026-05-28 17:30:34 [INFO]   Reading primary_table from 2026-04-29...
2026-05-28 17:31:09 [INFO]   → 25315 historical rows
2026-05-28 17:31:09 [INFO]   → 1637 unique ads aggregated
2026-05-28 17:31:11 [INFO]   ✓ results_table row written
2026-05-28 17:31:11 [INFO] ▶ Fourth Ad Account - SD
2026-05-28 17:31:11 [INFO]   Fetching today's Meta data...
2026-05-28 17:31:15 [INFO]   → 127 ads from Meta
2026-05-28 17:31:15 [INFO]   Reading primary_table from 2026-04-29...
2026-05-28 17:31:27 [INFO]   → 5441 historical rows
2026-05-28 17:31:27 [INFO]   → 359 unique ads aggregated
2026-05-28 17:31:29 [INFO]   ✓ results_table row written
2026-05-28 17:31:29 [INFO] ▶ Third Ad Account - SD
2026-05-28 17:31:29 [INFO]   Fetching today's Meta data...
2026-05-28 17:31:31 [INFO]   → 82 ads from Meta
2026-05-28 17:31:31 [INFO]   Reading primary_table from 2026-04-29...
2026-05-28 17:31:42 [INFO]   → 4593 historical rows
2026-05-28 17:31:42 [INFO]   → 244 unique ads aggregated
2026-05-28 17:31:44 [INFO]   ✓ results_table row written
2026-05-28 17:31:44 [INFO] ▶ All Accounts (combined)
2026-05-28 17:31:46 [INFO]   ✓ Combined row written — 2240 unique ads
2026-05-28 17:31:46 [INFO] Purged old rows — keeping latest 1 per account
2026-05-28 17:31:46 [INFO] DONE at 17:31:46
2026-05-28 18:30:25 [INFO] ============================================================
2026-05-28 18:30:25 [INFO]   HOURLY IMPRESSIONS REFRESH
2026-05-28 18:30:25 [INFO]   Window: 2026-04-29 → 2026-05-28
2026-05-28 18:30:25 [INFO] ============================================================
2026-05-28 18:30:26 [INFO] ▶ Raho Saadaa
2026-05-28 18:30:26 [INFO]   Fetching today's Meta data...
2026-05-28 18:30:36 [INFO]   → 406 ads from Meta
2026-05-28 18:30:36 [INFO]   Reading primary_table from 2026-04-29...
2026-05-28 18:30:42 [INFO]   → 25315 historical rows
2026-05-28 18:30:42 [INFO]   → 1637 unique ads aggregated
2026-05-28 18:30:44 [INFO]   ✓ results_table row written
2026-05-28 18:30:44 [INFO] ▶ Fourth Ad Account - SD
2026-05-28 18:30:44 [INFO]   Fetching today's Meta data...
2026-05-28 18:30:49 [INFO]   → 127 ads from Meta
2026-05-28 18:30:49 [INFO]   Reading primary_table from 2026-04-29...
2026-05-28 18:30:52 [INFO]   → 5441 historical rows
2026-05-28 18:30:52 [INFO]   → 359 unique ads aggregated
2026-05-28 18:30:53 [INFO]   ✓ results_table row written
2026-05-28 18:30:53 [INFO] ▶ Third Ad Account - SD
2026-05-28 18:30:53 [INFO]   Fetching today's Meta data...
2026-05-28 18:30:55 [INFO]   → 84 ads from Meta
2026-05-28 18:30:55 [INFO]   Reading primary_table from 2026-04-29...
2026-05-28 18:30:59 [INFO]   → 4593 historical rows
2026-05-28 18:30:59 [INFO]   → 244 unique ads aggregated
2026-05-28 18:31:00 [INFO]   ✓ results_table row written
2026-05-28 18:31:00 [INFO] ▶ All Accounts (combined)
2026-05-28 18:31:02 [INFO]   ✓ Combined row written — 2240 unique ads
2026-05-28 18:31:02 [INFO] Purged old rows — keeping latest 1 per account
2026-05-28 18:31:02 [INFO] DONE at 18:31:02
2026-05-29 11:30:14 [INFO] ============================================================
2026-05-29 11:30:14 [INFO]   HOURLY IMPRESSIONS REFRESH
2026-05-29 11:30:14 [INFO]   Window: 2026-04-30 → 2026-05-29
2026-05-29 11:30:14 [INFO] ============================================================
2026-05-29 11:30:16 [INFO] ▶ Raho Saadaa
2026-05-29 11:30:16 [INFO]   Fetching today's Meta data...
2026-05-29 11:30:26 [INFO]   → 294 ads from Meta
2026-05-29 11:30:26 [INFO]   Reading primary_table from 2026-04-30...
2026-05-29 11:31:17 [INFO]   → 24525 historical rows
2026-05-29 11:31:18 [INFO]   → 1628 unique ads aggregated
2026-05-29 11:31:20 [INFO]   ✓ results_table row written
2026-05-29 11:31:20 [INFO] ▶ Fourth Ad Account - SD
2026-05-29 11:31:20 [INFO]   Fetching today's Meta data...
2026-05-29 11:31:24 [INFO]   → 109 ads from Meta
2026-05-29 11:31:24 [INFO]   Reading primary_table from 2026-04-30...
2026-05-29 11:31:36 [INFO]   → 5317 historical rows
2026-05-29 11:31:36 [INFO]   → 358 unique ads aggregated
2026-05-29 11:31:37 [INFO]   ✓ results_table row written
2026-05-29 11:31:37 [INFO] ▶ Third Ad Account - SD
2026-05-29 11:31:37 [INFO]   Fetching today's Meta data...
2026-05-29 11:31:40 [INFO]   → 69 ads from Meta
2026-05-29 11:31:40 [INFO]   Reading primary_table from 2026-04-30...
2026-05-29 11:31:43 [INFO]   → 4464 historical rows
2026-05-29 11:31:43 [INFO]   → 244 unique ads aggregated
2026-05-29 11:31:45 [INFO]   ✓ results_table row written
2026-05-29 11:31:45 [INFO] ▶ All Accounts (combined)
2026-05-29 11:31:47 [INFO]   ✓ Combined row written — 2230 unique ads
2026-05-29 11:31:48 [INFO] Purged old rows — keeping latest 1 per account
2026-05-29 11:31:48 [INFO] DONE at 11:31:48
2026-05-29 12:30:18 [INFO] ============================================================
2026-05-29 12:30:18 [INFO]   HOURLY IMPRESSIONS REFRESH
2026-05-29 12:30:18 [INFO]   Window: 2026-04-30 → 2026-05-29
2026-05-29 12:30:18 [INFO] ============================================================
2026-05-29 12:30:20 [INFO] ▶ Raho Saadaa
2026-05-29 12:30:20 [INFO]   Fetching today's Meta data...
2026-05-29 12:30:24 [WARNING]   Meta 403 on page 1: {"error":{"message":"Application request limit reached","type":"OAuthException","is_transient":true,"code":4,"error_subcode":1504022,"error_user_title":"Too man
2026-05-29 12:30:24 [INFO]   → 0 ads from Meta
2026-05-29 12:30:24 [INFO]   Reading primary_table from 2026-04-30...
2026-05-29 12:31:08 [INFO]   → 24525 historical rows
2026-05-29 12:31:08 [INFO]   → 1608 unique ads aggregated
2026-05-29 12:31:11 [INFO]   ✓ results_table row written
2026-05-29 12:31:11 [INFO] ▶ Fourth Ad Account - SD
2026-05-29 12:31:11 [INFO]   Fetching today's Meta data...
2026-05-29 12:31:14 [INFO]   → 118 ads from Meta
2026-05-29 12:31:14 [INFO]   Reading primary_table from 2026-04-30...
2026-05-29 12:31:21 [INFO]   → 5317 historical rows
2026-05-29 12:31:21 [INFO]   → 358 unique ads aggregated
2026-05-29 12:31:21 [INFO]   ✓ results_table row written
2026-05-29 12:31:21 [INFO] ▶ Third Ad Account - SD
2026-05-29 12:31:21 [INFO]   Fetching today's Meta data...
2026-05-29 12:31:24 [INFO]   → 74 ads from Meta
2026-05-29 12:31:24 [INFO]   Reading primary_table from 2026-04-30...
2026-05-29 12:31:31 [INFO]   → 4464 historical rows
2026-05-29 12:31:31 [INFO]   → 244 unique ads aggregated
2026-05-29 12:31:32 [INFO]   ✓ results_table row written
2026-05-29 12:31:32 [INFO] ▶ All Accounts (combined)
2026-05-29 12:31:35 [INFO]   ✓ Combined row written — 2210 unique ads
2026-05-29 12:31:35 [INFO] Purged old rows — keeping latest 1 per account
2026-05-29 12:31:35 [INFO] DONE at 12:31:35
2026-05-29 13:30:07 [INFO] ============================================================
2026-05-29 13:30:07 [INFO]   HOURLY IMPRESSIONS REFRESH
2026-05-29 13:30:07 [INFO]   Window: 2026-04-30 → 2026-05-29
2026-05-29 13:30:07 [INFO] ============================================================
2026-05-29 13:30:12 [INFO] ▶ Raho Saadaa
2026-05-29 13:30:12 [INFO]   Fetching today's Meta data...
2026-05-29 13:30:21 [INFO]   → 328 ads from Meta
2026-05-29 13:30:21 [INFO]   Reading primary_table from 2026-04-30...
2026-05-29 13:31:06 [INFO]   → 24525 historical rows
2026-05-29 13:31:07 [INFO]   → 1628 unique ads aggregated
2026-05-29 13:31:09 [INFO]   ✓ results_table row written
2026-05-29 13:31:09 [INFO] ▶ Fourth Ad Account - SD
2026-05-29 13:31:09 [INFO]   Fetching today's Meta data...
2026-05-29 13:31:18 [INFO]   → 125 ads from Meta
2026-05-29 13:31:18 [INFO]   Reading primary_table from 2026-04-30...
2026-05-29 13:31:27 [INFO]   → 5317 historical rows
2026-05-29 13:31:27 [INFO]   → 358 unique ads aggregated
2026-05-29 13:31:28 [INFO]   ✓ results_table row written
2026-05-29 13:31:28 [INFO] ▶ Third Ad Account - SD
2026-05-29 13:31:28 [INFO]   Fetching today's Meta data...
2026-05-29 13:31:36 [INFO]   → 75 ads from Meta
2026-05-29 13:31:36 [INFO]   Reading primary_table from 2026-04-30...
2026-05-29 13:31:45 [INFO]   → 4464 historical rows
2026-05-29 13:31:45 [INFO]   → 244 unique ads aggregated
2026-05-29 13:31:46 [INFO]   ✓ results_table row written
2026-05-29 13:31:46 [INFO] ▶ All Accounts (combined)
2026-05-29 13:31:51 [INFO]   ✓ Combined row written — 2230 unique ads
2026-05-29 13:31:51 [INFO] Purged old rows — keeping latest 1 per account
2026-05-29 13:31:51 [INFO] DONE at 13:31:51
2026-05-29 14:30:07 [INFO] ============================================================
2026-05-29 14:30:07 [INFO]   HOURLY IMPRESSIONS REFRESH
2026-05-29 14:30:07 [INFO]   Window: 2026-04-30 → 2026-05-29
2026-05-29 14:30:07 [INFO] ============================================================
2026-05-29 14:30:08 [INFO] ▶ Raho Saadaa
2026-05-29 14:30:08 [INFO]   Fetching today's Meta data...
2026-05-29 14:30:16 [INFO]   → 336 ads from Meta
2026-05-29 14:30:16 [INFO]   Reading primary_table from 2026-04-30...
2026-05-29 14:31:07 [INFO]   → 24525 historical rows
2026-05-29 14:31:08 [INFO]   → 1628 unique ads aggregated
2026-05-29 14:31:09 [INFO]   ✓ results_table row written
2026-05-29 14:31:09 [INFO] ▶ Fourth Ad Account - SD
2026-05-29 14:31:09 [INFO]   Fetching today's Meta data...
2026-05-29 14:31:15 [INFO]   → 127 ads from Meta
2026-05-29 14:31:15 [INFO]   Reading primary_table from 2026-04-30...
2026-05-29 14:31:27 [INFO]   → 5317 historical rows
2026-05-29 14:31:27 [INFO]   → 358 unique ads aggregated
2026-05-29 14:31:28 [INFO]   ✓ results_table row written
2026-05-29 14:31:28 [INFO] ▶ Third Ad Account - SD
2026-05-29 14:31:28 [INFO]   Fetching today's Meta data...
2026-05-29 14:31:31 [INFO]   → 75 ads from Meta
2026-05-29 14:31:31 [INFO]   Reading primary_table from 2026-04-30...
2026-05-29 14:31:36 [INFO]   → 4464 historical rows
2026-05-29 14:31:36 [INFO]   → 244 unique ads aggregated
2026-05-29 14:31:37 [INFO]   ✓ results_table row written
2026-05-29 14:31:37 [INFO] ▶ All Accounts (combined)
2026-05-29 14:31:38 [INFO]   ✓ Combined row written — 2230 unique ads
2026-05-29 14:31:39 [INFO] Purged old rows — keeping latest 1 per account
2026-05-29 14:31:39 [INFO] DONE at 14:31:39
2026-05-29 15:30:15 [INFO] ============================================================
2026-05-29 15:30:15 [INFO]   HOURLY IMPRESSIONS REFRESH
2026-05-29 15:30:15 [INFO]   Window: 2026-04-30 → 2026-05-29
2026-05-29 15:30:15 [INFO] ============================================================
2026-05-29 15:30:17 [INFO] ▶ Raho Saadaa
2026-05-29 15:30:17 [INFO]   Fetching today's Meta data...
2026-05-29 15:30:24 [INFO]   → 349 ads from Meta
2026-05-29 15:30:24 [INFO]   Reading primary_table from 2026-04-30...
2026-05-29 15:31:38 [INFO]   → 24525 historical rows
2026-05-29 15:31:38 [INFO]   → 1631 unique ads aggregated
2026-05-29 15:31:40 [INFO]   ✓ results_table row written
2026-05-29 15:31:40 [INFO] ▶ Fourth Ad Account - SD
2026-05-29 15:31:40 [INFO]   Fetching today's Meta data...
2026-05-29 15:31:47 [INFO]   → 127 ads from Meta
2026-05-29 15:31:47 [INFO]   Reading primary_table from 2026-04-30...
2026-05-29 15:32:05 [INFO]   → 5317 historical rows
2026-05-29 15:32:05 [INFO]   → 358 unique ads aggregated
2026-05-29 15:32:06 [INFO]   ✓ results_table row written
2026-05-29 15:32:06 [INFO] ▶ Third Ad Account - SD
2026-05-29 15:32:06 [INFO]   Fetching today's Meta data...
2026-05-29 15:32:08 [INFO]   → 76 ads from Meta
2026-05-29 15:32:08 [INFO]   Reading primary_table from 2026-04-30...
2026-05-29 15:32:31 [INFO]   → 4464 historical rows
2026-05-29 15:32:31 [INFO]   → 244 unique ads aggregated
2026-05-29 15:32:32 [INFO]   ✓ results_table row written
2026-05-29 15:32:32 [INFO] ▶ All Accounts (combined)
2026-05-29 15:32:35 [INFO]   ✓ Combined row written — 2233 unique ads
2026-05-29 15:32:36 [INFO] Purged old rows — keeping latest 1 per account
2026-05-29 15:32:36 [INFO] DONE at 15:32:36
2026-05-29 16:30:07 [INFO] ============================================================
2026-05-29 16:30:07 [INFO]   HOURLY IMPRESSIONS REFRESH
2026-05-29 16:30:07 [INFO]   Window: 2026-04-30 → 2026-05-29
2026-05-29 16:30:07 [INFO] ============================================================
2026-05-29 16:30:08 [INFO] ▶ Raho Saadaa
2026-05-29 16:30:08 [INFO]   Fetching today's Meta data...
2026-05-29 16:30:17 [INFO]   → 368 ads from Meta
2026-05-29 16:30:17 [INFO]   Reading primary_table from 2026-04-30...
2026-05-29 16:31:23 [INFO]   → 24525 historical rows
2026-05-29 16:31:23 [INFO]   → 1632 unique ads aggregated
2026-05-29 16:31:26 [INFO]   ✓ results_table row written
2026-05-29 16:31:26 [INFO] ▶ Fourth Ad Account - SD
2026-05-29 16:31:26 [INFO]   Fetching today's Meta data...
2026-05-29 16:31:30 [INFO]   → 131 ads from Meta
2026-05-29 16:31:30 [INFO]   Reading primary_table from 2026-04-30...
2026-05-29 16:31:40 [INFO]   → 5317 historical rows
2026-05-29 16:31:40 [INFO]   → 358 unique ads aggregated
2026-05-29 16:31:41 [INFO]   ✓ results_table row written
2026-05-29 16:31:41 [INFO] ▶ Third Ad Account - SD
2026-05-29 16:31:41 [INFO]   Fetching today's Meta data...
2026-05-29 16:31:43 [INFO]   → 77 ads from Meta
2026-05-29 16:31:43 [INFO]   Reading primary_table from 2026-04-30...
2026-05-29 16:31:58 [INFO]   → 4464 historical rows
2026-05-29 16:31:58 [INFO]   → 244 unique ads aggregated
2026-05-29 16:31:58 [INFO]   ✓ results_table row written
2026-05-29 16:31:58 [INFO] ▶ All Accounts (combined)
2026-05-29 16:32:02 [INFO]   ✓ Combined row written — 2234 unique ads
2026-05-29 16:32:03 [INFO] Purged old rows — keeping latest 1 per account
2026-05-29 16:32:03 [INFO] DONE at 16:32:03
2026-05-29 17:30:04 [INFO] ============================================================
2026-05-29 17:30:04 [INFO]   HOURLY IMPRESSIONS REFRESH
2026-05-29 17:30:04 [INFO]   Window: 2026-04-30 → 2026-05-29
2026-05-29 17:30:04 [INFO] ============================================================
2026-05-29 17:30:06 [INFO] ▶ Raho Saadaa
2026-05-29 17:30:06 [INFO]   Fetching today's Meta data...
2026-05-29 17:30:14 [INFO]   → 370 ads from Meta
2026-05-29 17:30:14 [INFO]   Reading primary_table from 2026-04-30...
2026-05-29 17:30:51 [INFO]   → 24525 historical rows
2026-05-29 17:30:51 [INFO]   → 1633 unique ads aggregated
2026-05-29 17:30:53 [INFO]   ✓ results_table row written
2026-05-29 17:30:53 [INFO] ▶ Fourth Ad Account - SD
2026-05-29 17:30:53 [INFO]   Fetching today's Meta data...
2026-05-29 17:30:58 [INFO]   → 133 ads from Meta
2026-05-29 17:30:58 [INFO]   Reading primary_table from 2026-04-30...
2026-05-29 17:31:07 [INFO]   → 5317 historical rows
2026-05-29 17:31:07 [INFO]   → 358 unique ads aggregated
2026-05-29 17:31:08 [INFO]   ✓ results_table row written
2026-05-29 17:31:08 [INFO] ▶ Third Ad Account - SD
2026-05-29 17:31:08 [INFO]   Fetching today's Meta data...
2026-05-29 17:31:11 [INFO]   → 81 ads from Meta
2026-05-29 17:31:11 [INFO]   Reading primary_table from 2026-04-30...
2026-05-29 17:31:23 [INFO]   → 4464 historical rows
2026-05-29 17:31:23 [INFO]   → 244 unique ads aggregated
2026-05-29 17:31:24 [INFO]   ✓ results_table row written
2026-05-29 17:31:24 [INFO] ▶ All Accounts (combined)
2026-05-29 17:31:26 [INFO]   ✓ Combined row written — 2235 unique ads
2026-05-29 17:31:26 [INFO] Purged old rows — keeping latest 1 per account
2026-05-29 17:31:26 [INFO] DONE at 17:31:26
2026-05-29 19:30:24 [INFO] ============================================================
2026-05-29 19:30:24 [INFO]   HOURLY IMPRESSIONS REFRESH
2026-05-29 19:30:24 [INFO]   Window: 2026-04-30 → 2026-05-29
2026-05-29 19:30:24 [INFO] ============================================================
2026-05-29 19:30:25 [INFO] ▶ Raho Saadaa
2026-05-29 19:30:25 [INFO]   Fetching today's Meta data...
2026-05-29 19:30:38 [INFO]   → 385 ads from Meta
2026-05-29 19:30:38 [INFO]   Reading primary_table from 2026-04-30...
2026-05-29 19:31:05 [INFO]   → 26312 historical rows
2026-05-29 19:31:05 [INFO]   → 1634 unique ads aggregated
2026-05-29 19:31:07 [INFO]   ✓ results_table row written
2026-05-29 19:31:07 [INFO] ▶ Fourth Ad Account - SD
2026-05-29 19:31:07 [INFO]   Fetching today's Meta data...
2026-05-29 19:31:12 [INFO]   → 136 ads from Meta
2026-05-29 19:31:12 [INFO]   Reading primary_table from 2026-04-30...
2026-05-29 19:31:21 [INFO]   → 5765 historical rows
2026-05-29 19:31:21 [INFO]   → 360 unique ads aggregated
2026-05-29 19:31:22 [INFO]   ✓ results_table row written
2026-05-29 19:31:22 [INFO] ▶ Third Ad Account - SD
2026-05-29 19:31:22 [INFO]   Fetching today's Meta data...
2026-05-29 19:31:24 [INFO]   → 84 ads from Meta
2026-05-29 19:31:24 [INFO]   Reading primary_table from 2026-04-30...
2026-05-29 19:31:28 [INFO]   → 4805 historical rows
2026-05-29 19:31:28 [INFO]   → 244 unique ads aggregated
2026-05-29 19:31:29 [INFO]   ✓ results_table row written
2026-05-29 19:31:29 [INFO] ▶ All Accounts (combined)
2026-05-29 19:31:31 [INFO]   ✓ Combined row written — 2238 unique ads
2026-05-29 19:31:32 [INFO] Purged old rows — keeping latest 1 per account
2026-05-29 19:31:32 [INFO] DONE at 19:31:32
2026-05-30 11:30:29 [INFO] ============================================================
2026-05-30 11:30:29 [INFO]   HOURLY IMPRESSIONS REFRESH
2026-05-30 11:30:29 [INFO]   Window: 2026-05-01 → 2026-05-30
2026-05-30 11:30:29 [INFO] ============================================================
2026-05-30 11:30:30 [INFO] ▶ Raho Saadaa
2026-05-30 11:30:30 [INFO]   Fetching today's Meta data...
2026-05-30 11:30:37 [INFO]   → 268 ads from Meta
2026-05-30 11:30:37 [INFO]   Reading primary_table from 2026-05-01...
2026-05-30 11:30:45 [INFO]   → 25543 historical rows
2026-05-30 11:30:45 [INFO]   → 1633 unique ads aggregated
2026-05-30 11:30:48 [INFO]   ✓ results_table row written
2026-05-30 11:30:48 [INFO] ▶ Fourth Ad Account - SD
2026-05-30 11:30:48 [INFO]   Fetching today's Meta data...
2026-05-30 11:30:53 [INFO]   → 108 ads from Meta
2026-05-30 11:30:53 [INFO]   Reading primary_table from 2026-05-01...
2026-05-30 11:30:57 [INFO]   → 5647 historical rows
2026-05-30 11:30:57 [INFO]   → 360 unique ads aggregated
2026-05-30 11:30:58 [INFO]   ✓ results_table row written
2026-05-30 11:30:58 [INFO] ▶ Third Ad Account - SD
2026-05-30 11:30:58 [INFO]   Fetching today's Meta data...
2026-05-30 11:31:00 [INFO]   → 73 ads from Meta
2026-05-30 11:31:00 [INFO]   Reading primary_table from 2026-05-01...
2026-05-30 11:31:06 [INFO]   → 4672 historical rows
2026-05-30 11:31:06 [INFO]   → 244 unique ads aggregated
2026-05-30 11:31:06 [INFO]   ✓ results_table row written
2026-05-30 11:31:06 [INFO] ▶ All Accounts (combined)
2026-05-30 11:31:12 [INFO]   ✓ Combined row written — 2237 unique ads
2026-05-30 11:31:13 [INFO] Purged old rows — keeping latest 1 per account
2026-05-30 11:31:13 [INFO] DONE at 11:31:13
2026-05-30 12:30:16 [INFO] ============================================================
2026-05-30 12:30:16 [INFO]   HOURLY IMPRESSIONS REFRESH
2026-05-30 12:30:16 [INFO]   Window: 2026-05-01 → 2026-05-30
2026-05-30 12:30:16 [INFO] ============================================================
2026-05-30 12:30:17 [INFO] ▶ Raho Saadaa
2026-05-30 12:30:17 [INFO]   Fetching today's Meta data...
2026-05-30 12:30:30 [INFO]   → 280 ads from Meta
2026-05-30 12:30:30 [INFO]   Reading primary_table from 2026-05-01...
2026-05-30 12:30:54 [INFO]   → 25543 historical rows
2026-05-30 12:30:54 [INFO]   → 1637 unique ads aggregated
2026-05-30 12:30:58 [INFO]   ✓ results_table row written
2026-05-30 12:30:58 [INFO] ▶ Fourth Ad Account - SD
2026-05-30 12:30:58 [INFO]   Fetching today's Meta data...
2026-05-30 12:31:01 [INFO]   → 114 ads from Meta
2026-05-30 12:31:01 [INFO]   Reading primary_table from 2026-05-01...
2026-05-30 12:31:09 [INFO]   → 5647 historical rows
2026-05-30 12:31:09 [INFO]   → 360 unique ads aggregated
2026-05-30 12:31:10 [INFO]   ✓ results_table row written
2026-05-30 12:31:10 [INFO] ▶ Third Ad Account - SD
2026-05-30 12:31:10 [INFO]   Fetching today's Meta data...
2026-05-30 12:31:13 [INFO]   → 76 ads from Meta
2026-05-30 12:31:13 [INFO]   Reading primary_table from 2026-05-01...
2026-05-30 12:31:20 [INFO]   → 4672 historical rows
2026-05-30 12:31:20 [INFO]   → 244 unique ads aggregated
2026-05-30 12:31:21 [INFO]   ✓ results_table row written
2026-05-30 12:31:21 [INFO] ▶ All Accounts (combined)
2026-05-30 12:31:29 [INFO]   ✓ Combined row written — 2241 unique ads
2026-05-30 12:31:30 [INFO] Purged old rows — keeping latest 1 per account
2026-05-30 12:31:30 [INFO] DONE at 12:31:30
2026-05-30 13:30:00 [INFO] ============================================================
2026-05-30 13:30:00 [INFO]   HOURLY IMPRESSIONS REFRESH
2026-05-30 13:30:00 [INFO]   Window: 2026-05-01 → 2026-05-30
2026-05-30 13:30:00 [INFO] ============================================================
2026-05-30 13:30:02 [INFO] ▶ Raho Saadaa
2026-05-30 13:30:02 [INFO]   Fetching today's Meta data...
2026-05-30 13:30:09 [INFO]   → 294 ads from Meta
2026-05-30 13:30:09 [INFO]   Reading primary_table from 2026-05-01...
2026-05-30 13:31:06 [INFO]   → 26329 historical rows
2026-05-30 13:31:06 [INFO]   → 1637 unique ads aggregated
2026-05-30 13:31:09 [INFO]   ✓ results_table row written
2026-05-30 13:31:09 [INFO] ▶ Fourth Ad Account - SD
2026-05-30 13:31:09 [INFO]   Fetching today's Meta data...
2026-05-30 13:31:15 [INFO]   → 119 ads from Meta
2026-05-30 13:31:15 [INFO]   Reading primary_table from 2026-05-01...
2026-05-30 13:31:39 [INFO]   → 5886 historical rows
2026-05-30 13:31:39 [INFO]   → 365 unique ads aggregated
2026-05-30 13:31:41 [INFO]   ✓ results_table row written
2026-05-30 13:31:41 [INFO] ▶ Third Ad Account - SD
2026-05-30 13:31:41 [INFO]   Fetching today's Meta data...
2026-05-30 13:31:43 [INFO]   → 82 ads from Meta
2026-05-30 13:31:43 [INFO]   Reading primary_table from 2026-05-01...
2026-05-30 13:32:02 [INFO]   → 4830 historical rows
2026-05-30 13:32:02 [INFO]   → 244 unique ads aggregated
2026-05-30 13:32:02 [INFO]   ✓ results_table row written
2026-05-30 13:32:02 [INFO] ▶ All Accounts (combined)
2026-05-30 13:32:05 [INFO]   ✓ Combined row written — 2246 unique ads
2026-05-30 13:32:06 [INFO] Purged old rows — keeping latest 1 per account
2026-05-30 13:32:06 [INFO] DONE at 13:32:06
2026-05-30 14:30:07 [INFO] ============================================================
2026-05-30 14:30:07 [INFO]   HOURLY IMPRESSIONS REFRESH
2026-05-30 14:30:07 [INFO]   Window: 2026-05-01 → 2026-05-30
2026-05-30 14:30:07 [INFO] ============================================================
2026-05-30 14:30:08 [INFO] ▶ Raho Saadaa
2026-05-30 14:30:08 [INFO]   Fetching today's Meta data...
2026-05-30 14:30:17 [INFO]   → 317 ads from Meta
2026-05-30 14:30:17 [INFO]   Reading primary_table from 2026-05-01...
2026-05-30 14:30:35 [INFO]   → 26329 historical rows
2026-05-30 14:30:35 [INFO]   → 1637 unique ads aggregated
2026-05-30 14:30:38 [INFO]   ✓ results_table row written
2026-05-30 14:30:38 [INFO] ▶ Fourth Ad Account - SD
2026-05-30 14:30:38 [INFO]   Fetching today's Meta data...
2026-05-30 14:30:42 [INFO]   → 124 ads from Meta
2026-05-30 14:30:42 [INFO]   Reading primary_table from 2026-05-01...
2026-05-30 14:30:50 [INFO]   → 5886 historical rows
2026-05-30 14:30:50 [INFO]   → 365 unique ads aggregated
2026-05-30 14:30:50 [INFO]   ✓ results_table row written
2026-05-30 14:30:50 [INFO] ▶ Third Ad Account - SD
2026-05-30 14:30:50 [INFO]   Fetching today's Meta data...
2026-05-30 14:30:53 [INFO]   → 84 ads from Meta
2026-05-30 14:30:53 [INFO]   Reading primary_table from 2026-05-01...
2026-05-30 14:31:01 [INFO]   → 4830 historical rows
2026-05-30 14:31:01 [INFO]   → 244 unique ads aggregated
2026-05-30 14:31:02 [INFO]   ✓ results_table row written
2026-05-30 14:31:02 [INFO] ▶ All Accounts (combined)
2026-05-30 14:31:08 [INFO]   ✓ Combined row written — 2246 unique ads
2026-05-30 14:31:09 [INFO] Purged old rows — keeping latest 1 per account
2026-05-30 14:31:09 [INFO] DONE at 14:31:09
2026-05-30 15:30:25 [INFO] ============================================================
2026-05-30 15:30:25 [INFO]   HOURLY IMPRESSIONS REFRESH
2026-05-30 15:30:25 [INFO]   Window: 2026-05-01 → 2026-05-30
2026-05-30 15:30:25 [INFO] ============================================================
2026-05-30 15:30:26 [INFO] ▶ Raho Saadaa
2026-05-30 15:30:26 [INFO]   Fetching today's Meta data...
2026-05-30 15:30:45 [INFO]   → 358 ads from Meta
2026-05-30 15:30:45 [INFO]   Reading primary_table from 2026-05-01...
2026-05-30 15:31:21 [INFO]   → 26329 historical rows
2026-05-30 15:31:21 [INFO]   → 1637 unique ads aggregated
2026-05-30 15:31:23 [INFO]   ✓ results_table row written
2026-05-30 15:31:23 [INFO] ▶ Fourth Ad Account - SD
2026-05-30 15:31:23 [INFO]   Fetching today's Meta data...
2026-05-30 15:31:27 [INFO]   → 130 ads from Meta
2026-05-30 15:31:27 [INFO]   Reading primary_table from 2026-05-01...
2026-05-30 15:31:35 [INFO]   → 5886 historical rows
2026-05-30 15:31:35 [INFO]   → 368 unique ads aggregated
2026-05-30 15:31:35 [INFO]   ✓ results_table row written
2026-05-30 15:31:35 [INFO] ▶ Third Ad Account - SD
2026-05-30 15:31:35 [INFO]   Fetching today's Meta data...
2026-05-30 15:31:38 [INFO]   → 85 ads from Meta
2026-05-30 15:31:38 [INFO]   Reading primary_table from 2026-05-01...
2026-05-30 15:31:49 [INFO]   → 4830 historical rows
2026-05-30 15:31:49 [INFO]   → 244 unique ads aggregated
2026-05-30 15:31:50 [INFO]   ✓ results_table row written
2026-05-30 15:31:50 [INFO] ▶ All Accounts (combined)
2026-05-30 15:31:51 [INFO]   ✓ Combined row written — 2249 unique ads
2026-05-30 15:31:52 [INFO] Purged old rows — keeping latest 1 per account
2026-05-30 15:31:52 [INFO] DONE at 15:31:52
2026-05-30 16:30:23 [INFO] ============================================================
2026-05-30 16:30:23 [INFO]   HOURLY IMPRESSIONS REFRESH
2026-05-30 16:30:23 [INFO]   Window: 2026-05-01 → 2026-05-30
2026-05-30 16:30:23 [INFO] ============================================================
2026-05-30 16:30:24 [INFO] ▶ Raho Saadaa
2026-05-30 16:30:24 [INFO]   Fetching today's Meta data...
2026-05-30 16:30:36 [INFO]   → 370 ads from Meta
2026-05-30 16:30:36 [INFO]   Reading primary_table from 2026-05-01...
2026-05-30 16:30:48 [INFO]   → 26329 historical rows
2026-05-30 16:30:48 [INFO]   → 1637 unique ads aggregated
2026-05-30 16:30:49 [INFO]   ✓ results_table row written
2026-05-30 16:30:49 [INFO] ▶ Fourth Ad Account - SD
2026-05-30 16:30:49 [INFO]   Fetching today's Meta data...
2026-05-30 16:30:54 [INFO]   → 135 ads from Meta
2026-05-30 16:30:54 [INFO]   Reading primary_table from 2026-05-01...
2026-05-30 16:30:58 [INFO]   → 5886 historical rows
2026-05-30 16:30:58 [INFO]   → 369 unique ads aggregated
2026-05-30 16:30:59 [INFO]   ✓ results_table row written
2026-05-30 16:30:59 [INFO] ▶ Third Ad Account - SD
2026-05-30 16:30:59 [INFO]   Fetching today's Meta data...
2026-05-30 16:31:01 [INFO]   → 87 ads from Meta
2026-05-30 16:31:01 [INFO]   Reading primary_table from 2026-05-01...
2026-05-30 16:31:07 [INFO]   → 4830 historical rows
2026-05-30 16:31:07 [INFO]   → 244 unique ads aggregated
2026-05-30 16:31:08 [INFO]   ✓ results_table row written
2026-05-30 16:31:08 [INFO] ▶ All Accounts (combined)
2026-05-30 16:31:11 [INFO]   ✓ Combined row written — 2250 unique ads
2026-05-30 16:31:11 [INFO] Purged old rows — keeping latest 1 per account
2026-05-30 16:31:11 [INFO] DONE at 16:31:11
2026-05-30 17:30:12 [INFO] ============================================================
2026-05-30 17:30:12 [INFO]   HOURLY IMPRESSIONS REFRESH
2026-05-30 17:30:12 [INFO]   Window: 2026-05-01 → 2026-05-30
2026-05-30 17:30:12 [INFO] ============================================================
2026-05-30 17:30:14 [INFO] ▶ Raho Saadaa
2026-05-30 17:30:14 [INFO]   Fetching today's Meta data...
2026-05-30 17:30:24 [INFO]   → 377 ads from Meta
2026-05-30 17:30:24 [INFO]   Reading primary_table from 2026-05-01...
2026-05-30 17:30:59 [INFO]   → 26329 historical rows
2026-05-30 17:30:59 [INFO]   → 1637 unique ads aggregated
2026-05-30 17:31:01 [INFO]   ✓ results_table row written
2026-05-30 17:31:01 [INFO] ▶ Fourth Ad Account - SD
2026-05-30 17:31:01 [INFO]   Fetching today's Meta data...
2026-05-30 17:31:06 [INFO]   → 138 ads from Meta
2026-05-30 17:31:06 [INFO]   Reading primary_table from 2026-05-01...
2026-05-30 17:31:16 [INFO]   → 5886 historical rows
2026-05-30 17:31:16 [INFO]   → 370 unique ads aggregated
2026-05-30 17:31:17 [INFO]   ✓ results_table row written
2026-05-30 17:31:17 [INFO] ▶ Third Ad Account - SD
2026-05-30 17:31:17 [INFO]   Fetching today's Meta data...
2026-05-30 17:31:19 [INFO]   → 88 ads from Meta
2026-05-30 17:31:19 [INFO]   Reading primary_table from 2026-05-01...
2026-05-30 17:31:23 [INFO]   → 4830 historical rows
2026-05-30 17:31:23 [INFO]   → 244 unique ads aggregated
2026-05-30 17:31:24 [INFO]   ✓ results_table row written
2026-05-30 17:31:24 [INFO] ▶ All Accounts (combined)
2026-05-30 17:31:27 [INFO]   ✓ Combined row written — 2251 unique ads
2026-05-30 17:31:28 [INFO] Purged old rows — keeping latest 1 per account
2026-05-30 17:31:28 [INFO] DONE at 17:31:28
2026-05-30 18:30:31 [INFO] ============================================================
2026-05-30 18:30:31 [INFO]   HOURLY IMPRESSIONS REFRESH
2026-05-30 18:30:31 [INFO]   Window: 2026-05-01 → 2026-05-30
2026-05-30 18:30:31 [INFO] ============================================================
2026-05-30 18:30:33 [INFO] ▶ Raho Saadaa
2026-05-30 18:30:33 [INFO]   Fetching today's Meta data...
2026-05-30 18:30:41 [INFO]   → 384 ads from Meta
2026-05-30 18:30:41 [INFO]   Reading primary_table from 2026-05-01...
2026-05-30 18:31:43 [INFO]   → 26329 historical rows
2026-05-30 18:31:43 [INFO]   → 1637 unique ads aggregated
2026-05-30 18:31:45 [INFO]   ✓ results_table row written
2026-05-30 18:31:45 [INFO] ▶ Fourth Ad Account - SD
2026-05-30 18:31:45 [INFO]   Fetching today's Meta data...
2026-05-30 18:31:49 [INFO]   → 140 ads from Meta
2026-05-30 18:31:49 [INFO]   Reading primary_table from 2026-05-01...
2026-05-30 18:31:57 [INFO]   → 5886 historical rows
2026-05-30 18:31:57 [INFO]   → 370 unique ads aggregated
2026-05-30 18:31:58 [INFO]   ✓ results_table row written
2026-05-30 18:31:58 [INFO] ▶ Third Ad Account - SD
2026-05-30 18:31:58 [INFO]   Fetching today's Meta data...
2026-05-30 18:32:00 [INFO]   → 89 ads from Meta
2026-05-30 18:32:00 [INFO]   Reading primary_table from 2026-05-01...
2026-05-30 18:32:07 [INFO]   → 4830 historical rows
2026-05-30 18:32:07 [INFO]   → 244 unique ads aggregated
2026-05-30 18:32:08 [INFO]   ✓ results_table row written
2026-05-30 18:32:08 [INFO] ▶ All Accounts (combined)
2026-05-30 18:32:11 [INFO]   ✓ Combined row written — 2251 unique ads
2026-05-30 18:32:12 [INFO] Purged old rows — keeping latest 1 per account
2026-05-30 18:32:12 [INFO] DONE at 18:32:12
2026-05-30 19:30:13 [INFO] ============================================================
2026-05-30 19:30:13 [INFO]   HOURLY IMPRESSIONS REFRESH
2026-05-30 19:30:13 [INFO]   Window: 2026-05-01 → 2026-05-30
2026-05-30 19:30:13 [INFO] ============================================================
2026-05-30 19:30:14 [INFO] ▶ Raho Saadaa
2026-05-30 19:30:14 [INFO]   Fetching today's Meta data...
2026-05-30 19:30:22 [INFO]   → 388 ads from Meta
2026-05-30 19:30:22 [INFO]   Reading primary_table from 2026-05-01...
2026-05-30 19:30:30 [INFO]   → 26329 historical rows
2026-05-30 19:30:30 [INFO]   → 1637 unique ads aggregated
2026-05-30 19:30:32 [INFO]   ✓ results_table row written
2026-05-30 19:30:32 [INFO] ▶ Fourth Ad Account - SD
2026-05-30 19:30:32 [INFO]   Fetching today's Meta data...
2026-05-30 19:30:37 [INFO]   → 141 ads from Meta
2026-05-30 19:30:37 [INFO]   Reading primary_table from 2026-05-01...
2026-05-30 19:30:42 [INFO]   → 5886 historical rows
2026-05-30 19:30:42 [INFO]   → 370 unique ads aggregated
2026-05-30 19:30:43 [INFO]   ✓ results_table row written
2026-05-30 19:30:43 [INFO] ▶ Third Ad Account - SD
2026-05-30 19:30:43 [INFO]   Fetching today's Meta data...
2026-05-30 19:30:45 [INFO]   → 90 ads from Meta
2026-05-30 19:30:45 [INFO]   Reading primary_table from 2026-05-01...
2026-05-30 19:30:50 [INFO]   → 4830 historical rows
2026-05-30 19:30:50 [INFO]   → 244 unique ads aggregated
2026-05-30 19:30:50 [INFO]   ✓ results_table row written
2026-05-30 19:30:50 [INFO] ▶ All Accounts (combined)
2026-05-30 19:30:52 [INFO]   ✓ Combined row written — 2251 unique ads
2026-05-30 19:30:53 [INFO] Purged old rows — keeping latest 1 per account
2026-05-30 19:30:53 [INFO] DONE at 19:30:53
2026-06-01 11:30:11 [INFO] ============================================================
2026-06-01 11:30:11 [INFO]   HOURLY IMPRESSIONS REFRESH
2026-06-01 11:30:11 [INFO]   Window: 2026-05-03 → 2026-06-01
2026-06-01 11:30:11 [INFO] ============================================================
2026-06-01 11:30:12 [INFO] ▶ Raho Saadaa
2026-06-01 11:30:12 [INFO]   Fetching today's Meta data...
2026-06-01 11:30:20 [INFO]   → 330 ads from Meta
2026-06-01 11:30:20 [INFO]   Reading primary_table from 2026-05-03...
2026-06-01 11:30:43 [INFO]   → 24731 historical rows
2026-06-01 11:30:43 [INFO]   → 1620 unique ads aggregated
2026-06-01 11:30:45 [INFO]   ✓ results_table row written
2026-06-01 11:30:45 [INFO] ▶ Fourth Ad Account - SD
2026-06-01 11:30:45 [INFO]   Fetching today's Meta data...
2026-06-01 11:30:49 [INFO]   → 127 ads from Meta
2026-06-01 11:30:49 [INFO]   Reading primary_table from 2026-05-03...
2026-06-01 11:31:00 [INFO]   → 5595 historical rows
2026-06-01 11:31:00 [INFO]   → 375 unique ads aggregated
2026-06-01 11:31:01 [INFO]   ✓ results_table row written
2026-06-01 11:31:01 [INFO] ▶ Third Ad Account - SD
2026-06-01 11:31:01 [INFO]   Fetching today's Meta data...
2026-06-01 11:31:04 [INFO]   → 81 ads from Meta
2026-06-01 11:31:04 [INFO]   Reading primary_table from 2026-05-03...
2026-06-01 11:31:08 [INFO]   → 4578 historical rows
2026-06-01 11:31:08 [INFO]   → 244 unique ads aggregated
2026-06-01 11:31:08 [INFO]   ✓ results_table row written
2026-06-01 11:31:08 [INFO] ▶ All Accounts (combined)
2026-06-01 11:31:10 [INFO]   ✓ Combined row written — 2239 unique ads
2026-06-01 11:31:11 [INFO] Purged old rows — keeping latest 1 per account
2026-06-01 11:31:11 [INFO] DONE at 11:31:11
2026-06-01 12:30:13 [INFO] ============================================================
2026-06-01 12:30:13 [INFO]   HOURLY IMPRESSIONS REFRESH
2026-06-01 12:30:13 [INFO]   Window: 2026-05-03 → 2026-06-01
2026-06-01 12:30:13 [INFO] ============================================================
2026-06-01 12:30:15 [INFO] ▶ Raho Saadaa
2026-06-01 12:30:15 [INFO]   Fetching today's Meta data...
2026-06-01 12:30:28 [INFO]   → 343 ads from Meta
2026-06-01 12:30:28 [INFO]   Reading primary_table from 2026-05-03...
2026-06-01 13:30:15 [INFO] ============================================================
2026-06-01 13:30:15 [INFO]   HOURLY IMPRESSIONS REFRESH
2026-06-01 13:30:15 [INFO]   Window: 2026-05-03 → 2026-06-01
2026-06-01 13:30:15 [INFO] ============================================================
2026-06-01 13:30:16 [INFO] ▶ Raho Saadaa
2026-06-01 13:30:16 [INFO]   Fetching today's Meta data...
2026-06-01 13:30:25 [INFO]   → 350 ads from Meta
2026-06-01 13:30:25 [INFO]   Reading primary_table from 2026-05-03...
2026-06-01 13:32:13 [INFO]   → 24731 historical rows
2026-06-01 13:32:13 [INFO]   → 1621 unique ads aggregated
2026-06-01 13:32:16 [INFO]   ✓ results_table row written
2026-06-01 13:32:16 [INFO] ▶ Fourth Ad Account - SD
2026-06-01 13:32:16 [INFO]   Fetching today's Meta data...
2026-06-01 13:32:21 [INFO]   → 141 ads from Meta
2026-06-01 13:32:21 [INFO]   Reading primary_table from 2026-05-03...
2026-06-01 13:32:48 [INFO]   → 5595 historical rows
2026-06-01 13:32:48 [INFO]   → 375 unique ads aggregated
2026-06-01 13:32:49 [INFO]   ✓ results_table row written
2026-06-01 13:32:49 [INFO] ▶ Third Ad Account - SD
2026-06-01 13:32:49 [INFO]   Fetching today's Meta data...
2026-06-01 13:32:54 [INFO]   → 90 ads from Meta
2026-06-01 13:32:54 [INFO]   Reading primary_table from 2026-05-03...
2026-06-01 13:33:11 [INFO]   → 4578 historical rows
2026-06-01 13:33:11 [INFO]   → 244 unique ads aggregated
2026-06-01 13:33:12 [INFO]   ✓ results_table row written
2026-06-01 13:33:12 [INFO] ▶ All Accounts (combined)
2026-06-01 13:33:21 [INFO]   ✓ Combined row written — 2240 unique ads
2026-06-01 13:33:22 [INFO] Purged old rows — keeping latest 1 per account
2026-06-01 13:33:22 [INFO] DONE at 13:33:22
2026-06-01 14:30:22 [INFO] ============================================================
2026-06-01 14:30:22 [INFO]   HOURLY IMPRESSIONS REFRESH
2026-06-01 14:30:22 [INFO]   Window: 2026-05-03 → 2026-06-01
2026-06-01 14:30:22 [INFO] ============================================================
2026-06-01 14:30:25 [INFO] ▶ Raho Saadaa
2026-06-01 14:30:25 [INFO]   Fetching today's Meta data...
2026-06-01 14:30:55 [INFO]   → 357 ads from Meta
2026-06-01 14:30:55 [INFO]   Reading primary_table from 2026-05-03...
2026-06-01 14:32:03 [INFO]   → 26671 historical rows
2026-06-01 14:32:03 [INFO]   → 1629 unique ads aggregated
2026-06-01 14:32:05 [INFO]   ✓ results_table row written
2026-06-01 14:32:05 [INFO] ▶ Fourth Ad Account - SD
2026-06-01 14:32:05 [INFO]   Fetching today's Meta data...
2026-06-01 14:32:12 [INFO]   → 141 ads from Meta
2026-06-01 14:32:12 [INFO]   Reading primary_table from 2026-05-03...
2026-06-01 14:32:28 [INFO]   → 6141 historical rows
2026-06-01 14:32:28 [INFO]   → 380 unique ads aggregated
2026-06-01 14:32:29 [INFO]   ✓ results_table row written
2026-06-01 14:32:29 [INFO] ▶ Third Ad Account - SD
2026-06-01 14:32:29 [INFO]   Fetching today's Meta data...
2026-06-01 14:32:34 [INFO]   → 92 ads from Meta
2026-06-01 14:32:34 [INFO]   Reading primary_table from 2026-05-03...
2026-06-01 14:32:44 [INFO]   → 4909 historical rows
2026-06-01 14:32:44 [INFO]   → 244 unique ads aggregated
2026-06-01 14:32:45 [INFO]   ✓ results_table row written
2026-06-01 14:32:45 [INFO] ▶ All Accounts (combined)
2026-06-01 14:32:47 [INFO]   ✓ Combined row written — 2253 unique ads
2026-06-01 14:32:48 [INFO] Purged old rows — keeping latest 1 per account
2026-06-01 14:32:48 [INFO] DONE at 14:32:48
2026-06-01 15:30:14 [INFO] ============================================================
2026-06-01 15:30:14 [INFO]   HOURLY IMPRESSIONS REFRESH
2026-06-01 15:30:14 [INFO]   Window: 2026-05-03 → 2026-06-01
2026-06-01 15:30:14 [INFO] ============================================================
2026-06-01 15:30:16 [INFO] ▶ Raho Saadaa
2026-06-01 15:30:16 [INFO]   Fetching today's Meta data...
2026-06-01 15:30:26 [INFO]   → 365 ads from Meta
2026-06-01 15:30:26 [INFO]   Reading primary_table from 2026-05-03...
2026-06-01 15:31:29 [INFO]   → 26671 historical rows
2026-06-01 15:31:29 [INFO]   → 1629 unique ads aggregated
2026-06-01 15:31:31 [INFO]   ✓ results_table row written
2026-06-01 15:31:31 [INFO] ▶ Fourth Ad Account - SD
2026-06-01 15:31:31 [INFO]   Fetching today's Meta data...
2026-06-01 15:31:38 [INFO]   → 145 ads from Meta
2026-06-01 15:31:38 [INFO]   Reading primary_table from 2026-05-03...
2026-06-01 15:31:53 [INFO]   → 6141 historical rows
2026-06-01 15:31:53 [INFO]   → 380 unique ads aggregated
2026-06-01 15:31:54 [INFO]   ✓ results_table row written
2026-06-01 15:31:54 [INFO] ▶ Third Ad Account - SD
2026-06-01 15:31:54 [INFO]   Fetching today's Meta data...
2026-06-01 15:32:01 [WARNING]   Meta 400 on page 1: {"error":{"message":"Service temporarily unavailable","type":"OAuthException","is_transient":false,"code":2,"error_subcode":1504044,"error_user_title":"Unknown 
2026-06-01 15:32:01 [INFO]   → 0 ads from Meta
2026-06-01 15:32:01 [INFO]   Reading primary_table from 2026-05-03...
2026-06-01 15:32:12 [INFO]   → 4909 historical rows
2026-06-01 15:32:12 [INFO]   → 244 unique ads aggregated
2026-06-01 15:32:12 [INFO]   ✓ results_table row written
2026-06-01 15:32:12 [INFO] ▶ All Accounts (combined)
2026-06-01 15:32:15 [INFO]   ✓ Combined row written — 2253 unique ads
2026-06-01 15:32:16 [INFO] Purged old rows — keeping latest 1 per account
2026-06-01 15:32:16 [INFO] DONE at 15:32:16
2026-06-01 16:30:17 [INFO] ============================================================
2026-06-01 16:30:17 [INFO]   HOURLY IMPRESSIONS REFRESH
2026-06-01 16:30:17 [INFO]   Window: 2026-05-03 → 2026-06-01
2026-06-01 16:30:17 [INFO] ============================================================
2026-06-01 16:30:18 [INFO] ▶ Raho Saadaa
2026-06-01 16:30:18 [INFO]   Fetching today's Meta data...
2026-06-01 16:30:27 [INFO]   → 379 ads from Meta
2026-06-01 16:30:27 [INFO]   Reading primary_table from 2026-05-03...
2026-06-01 16:30:59 [INFO]   → 26671 historical rows
2026-06-01 16:30:59 [INFO]   → 1629 unique ads aggregated
2026-06-01 16:31:01 [INFO]   ✓ results_table row written
2026-06-01 16:31:01 [INFO] ▶ Fourth Ad Account - SD
2026-06-01 16:31:01 [INFO]   Fetching today's Meta data...
2026-06-01 16:31:06 [INFO]   → 154 ads from Meta
2026-06-01 16:31:06 [INFO]   Reading primary_table from 2026-05-03...
2026-06-01 16:31:21 [INFO]   → 6141 historical rows
2026-06-01 16:31:21 [INFO]   → 380 unique ads aggregated
2026-06-01 16:31:22 [INFO]   ✓ results_table row written
2026-06-01 16:31:22 [INFO] ▶ Third Ad Account - SD
2026-06-01 16:31:22 [INFO]   Fetching today's Meta data...
2026-06-01 16:31:26 [INFO]   → 92 ads from Meta
2026-06-01 16:31:26 [INFO]   Reading primary_table from 2026-05-03...
2026-06-01 16:31:30 [INFO]   → 4909 historical rows
2026-06-01 16:31:30 [INFO]   → 244 unique ads aggregated
2026-06-01 16:31:30 [INFO]   ✓ results_table row written
2026-06-01 16:31:30 [INFO] ▶ All Accounts (combined)
2026-06-01 16:31:32 [INFO]   ✓ Combined row written — 2253 unique ads
2026-06-01 16:31:33 [INFO] Purged old rows — keeping latest 1 per account
2026-06-01 16:31:33 [INFO] DONE at 16:31:33
2026-06-01 17:30:03 [INFO] ============================================================
2026-06-01 17:30:03 [INFO]   HOURLY IMPRESSIONS REFRESH
2026-06-01 17:30:03 [INFO]   Window: 2026-05-03 → 2026-06-01
2026-06-01 17:30:03 [INFO] ============================================================
2026-06-01 17:30:05 [INFO] ▶ Raho Saadaa
2026-06-01 17:30:05 [INFO]   Fetching today's Meta data...
2026-06-01 17:30:12 [INFO]   → 385 ads from Meta
2026-06-01 17:30:12 [INFO]   Reading primary_table from 2026-05-03...
2026-06-01 17:31:01 [INFO]   → 26671 historical rows
2026-06-01 17:31:01 [INFO]   → 1629 unique ads aggregated
2026-06-01 17:31:03 [INFO]   ✓ results_table row written
2026-06-01 17:31:03 [INFO] ▶ Fourth Ad Account - SD
2026-06-01 17:31:03 [INFO]   Fetching today's Meta data...
2026-06-01 17:31:07 [INFO]   → 158 ads from Meta
2026-06-01 17:31:07 [INFO]   Reading primary_table from 2026-05-03...
2026-06-01 17:31:22 [INFO]   → 6141 historical rows
2026-06-01 17:31:22 [INFO]   → 380 unique ads aggregated
2026-06-01 17:31:23 [INFO]   ✓ results_table row written
2026-06-01 17:31:23 [INFO] ▶ Third Ad Account - SD
2026-06-01 17:31:23 [INFO]   Fetching today's Meta data...
2026-06-01 17:31:27 [INFO]   → 92 ads from Meta
2026-06-01 17:31:27 [INFO]   Reading primary_table from 2026-05-03...
2026-06-01 17:31:34 [INFO]   → 4909 historical rows
2026-06-01 17:31:34 [INFO]   → 244 unique ads aggregated
2026-06-01 17:31:34 [INFO]   ✓ results_table row written
2026-06-01 17:31:34 [INFO] ▶ All Accounts (combined)
2026-06-01 17:31:37 [INFO]   ✓ Combined row written — 2253 unique ads
2026-06-01 17:31:37 [INFO] Purged old rows — keeping latest 1 per account
2026-06-01 17:31:37 [INFO] DONE at 17:31:37
2026-06-01 18:30:24 [INFO] ============================================================
2026-06-01 18:30:24 [INFO]   HOURLY IMPRESSIONS REFRESH
2026-06-01 18:30:24 [INFO]   Window: 2026-05-03 → 2026-06-01
2026-06-01 18:30:24 [INFO] ============================================================
2026-06-01 18:30:26 [INFO] ▶ Raho Saadaa
2026-06-01 18:30:26 [INFO]   Fetching today's Meta data...
2026-06-01 18:30:38 [INFO]   → 391 ads from Meta
2026-06-01 18:30:38 [INFO]   Reading primary_table from 2026-05-03...
2026-06-01 18:31:05 [INFO]   → 26671 historical rows
2026-06-01 18:31:05 [INFO]   → 1629 unique ads aggregated
2026-06-01 18:31:08 [INFO]   ✓ results_table row written
2026-06-01 18:31:08 [INFO] ▶ Fourth Ad Account - SD
2026-06-01 18:31:08 [INFO]   Fetching today's Meta data...
2026-06-01 18:31:13 [INFO]   → 172 ads from Meta
2026-06-01 18:31:13 [INFO]   Reading primary_table from 2026-05-03...
2026-06-01 18:31:17 [INFO]   → 6141 historical rows
2026-06-01 18:31:17 [INFO]   → 380 unique ads aggregated
2026-06-01 18:31:18 [INFO]   ✓ results_table row written
2026-06-01 18:31:18 [INFO] ▶ Third Ad Account - SD
2026-06-01 18:31:18 [INFO]   Fetching today's Meta data...
2026-06-01 18:31:22 [INFO]   → 92 ads from Meta
2026-06-01 18:31:22 [INFO]   Reading primary_table from 2026-05-03...
2026-06-01 18:31:26 [INFO]   → 4909 historical rows
2026-06-01 18:31:26 [INFO]   → 244 unique ads aggregated
2026-06-01 18:31:26 [INFO]   ✓ results_table row written
2026-06-01 18:31:26 [INFO] ▶ All Accounts (combined)
2026-06-01 18:31:30 [INFO]   ✓ Combined row written — 2253 unique ads
2026-06-01 18:31:30 [INFO] Purged old rows — keeping latest 1 per account
2026-06-01 18:31:30 [INFO] DONE at 18:31:30
2026-06-02 11:30:05 [INFO] ============================================================
2026-06-02 11:30:05 [INFO]   HOURLY IMPRESSIONS REFRESH
2026-06-02 11:30:05 [INFO]   Window: 2026-05-04 → 2026-06-02
2026-06-02 11:30:05 [INFO] ============================================================
2026-06-02 11:30:06 [INFO] ▶ Raho Saadaa
2026-06-02 11:30:06 [INFO]   Fetching today's Meta data...
2026-06-02 11:30:17 [INFO]   → 288 ads from Meta
2026-06-02 11:30:17 [INFO]   Reading primary_table from 2026-05-04...
2026-06-02 11:30:41 [INFO]   → 25872 historical rows
2026-06-02 11:30:41 [INFO]   → 1593 unique ads aggregated
2026-06-02 11:30:43 [INFO]   ✓ results_table row written
2026-06-02 11:30:43 [INFO] ▶ Fourth Ad Account - SD
2026-06-02 11:30:43 [INFO]   Fetching today's Meta data...
2026-06-02 11:30:48 [INFO]   → 131 ads from Meta
2026-06-02 11:30:48 [INFO]   Reading primary_table from 2026-05-04...
2026-06-02 11:30:57 [INFO]   → 5986 historical rows
2026-06-02 11:30:57 [INFO]   → 380 unique ads aggregated
2026-06-02 11:30:58 [INFO]   ✓ results_table row written
2026-06-02 11:30:58 [INFO] ▶ Third Ad Account - SD
2026-06-02 11:30:58 [INFO]   Fetching today's Meta data...
2026-06-02 11:31:01 [INFO]   → 76 ads from Meta
2026-06-02 11:31:01 [INFO]   Reading primary_table from 2026-05-04...
2026-06-02 11:31:09 [INFO]   → 4776 historical rows
2026-06-02 11:31:09 [INFO]   → 244 unique ads aggregated
2026-06-02 11:31:09 [INFO]   ✓ results_table row written
2026-06-02 11:31:09 [INFO] ▶ All Accounts (combined)
2026-06-02 11:31:11 [INFO]   ✓ Combined row written — 2217 unique ads
2026-06-02 11:31:11 [INFO] Purged old rows — keeping latest 1 per account
2026-06-02 11:31:11 [INFO] DONE at 11:31:11
2026-06-02 12:30:13 [INFO] ============================================================
2026-06-02 12:30:13 [INFO]   HOURLY IMPRESSIONS REFRESH
2026-06-02 12:30:13 [INFO]   Window: 2026-05-04 → 2026-06-02
2026-06-02 12:30:13 [INFO] ============================================================
2026-06-02 12:30:14 [INFO] ▶ Raho Saadaa
2026-06-02 12:30:14 [INFO]   Fetching today's Meta data...
2026-06-02 12:30:25 [INFO]   → 313 ads from Meta
2026-06-02 12:30:25 [INFO]   Reading primary_table from 2026-05-04...
2026-06-02 12:31:12 [INFO]   → 25872 historical rows
2026-06-02 12:31:12 [INFO]   → 1593 unique ads aggregated
2026-06-02 12:31:14 [INFO]   ✓ results_table row written
2026-06-02 12:31:14 [INFO] ▶ Fourth Ad Account - SD
2026-06-02 12:31:14 [INFO]   Fetching today's Meta data...
2026-06-02 12:31:20 [INFO]   → 141 ads from Meta
2026-06-02 12:31:20 [INFO]   Reading primary_table from 2026-05-04...
2026-06-02 12:31:36 [INFO]   → 5986 historical rows
2026-06-02 12:31:36 [INFO]   → 380 unique ads aggregated
2026-06-02 12:31:37 [INFO]   ✓ results_table row written
2026-06-02 12:31:37 [INFO] ▶ Third Ad Account - SD
2026-06-02 12:31:37 [INFO]   Fetching today's Meta data...
2026-06-02 12:31:40 [INFO]   → 82 ads from Meta
2026-06-02 12:31:40 [INFO]   Reading primary_table from 2026-05-04...
2026-06-02 12:31:47 [INFO]   → 4776 historical rows
2026-06-02 12:31:47 [INFO]   → 244 unique ads aggregated
2026-06-02 12:31:48 [INFO]   ✓ results_table row written
2026-06-02 12:31:48 [INFO] ▶ All Accounts (combined)
2026-06-02 12:31:51 [INFO]   ✓ Combined row written — 2217 unique ads
2026-06-02 12:31:52 [INFO] Purged old rows — keeping latest 1 per account
2026-06-02 12:31:52 [INFO] DONE at 12:31:52
2026-06-02 13:30:23 [INFO] ============================================================
2026-06-02 13:30:23 [INFO]   HOURLY IMPRESSIONS REFRESH
2026-06-02 13:30:23 [INFO]   Window: 2026-05-04 → 2026-06-02
2026-06-02 13:30:23 [INFO] ============================================================
2026-06-02 13:30:24 [INFO] ▶ Raho Saadaa
2026-06-02 13:30:24 [INFO]   Fetching today's Meta data...
2026-06-02 13:30:36 [WARNING]   Meta 403 on page 1: {"error":{"message":"Application request limit reached","type":"OAuthException","is_transient":true,"code":4,"error_subcode":1504022,"error_user_title":"Too man
2026-06-02 13:30:36 [INFO]   → 0 ads from Meta
2026-06-02 13:30:36 [INFO]   Reading primary_table from 2026-05-04...
2026-06-02 13:30:55 [INFO]   → 25872 historical rows
2026-06-02 13:30:55 [INFO]   → 1590 unique ads aggregated
2026-06-02 13:30:57 [INFO]   ✓ results_table row written
2026-06-02 13:30:57 [INFO] ▶ Fourth Ad Account - SD
2026-06-02 13:30:57 [INFO]   Fetching today's Meta data...
2026-06-02 13:31:01 [INFO]   → 145 ads from Meta
2026-06-02 13:31:01 [INFO]   Reading primary_table from 2026-05-04...
2026-06-02 13:31:12 [INFO]   → 5986 historical rows
2026-06-02 13:31:12 [INFO]   → 380 unique ads aggregated
2026-06-02 13:31:13 [INFO]   ✓ results_table row written
2026-06-02 13:31:13 [INFO] ▶ Third Ad Account - SD
2026-06-02 13:31:13 [INFO]   Fetching today's Meta data...
2026-06-02 13:31:18 [INFO]   → 83 ads from Meta
2026-06-02 13:31:18 [INFO]   Reading primary_table from 2026-05-04...
2026-06-02 13:31:24 [INFO]   → 4776 historical rows
2026-06-02 13:31:24 [INFO]   → 244 unique ads aggregated
2026-06-02 13:31:25 [INFO]   ✓ results_table row written
2026-06-02 13:31:25 [INFO] ▶ All Accounts (combined)
2026-06-02 13:31:27 [INFO]   ✓ Combined row written — 2214 unique ads
2026-06-02 13:31:28 [INFO] Purged old rows — keeping latest 1 per account
2026-06-02 13:31:28 [INFO] DONE at 13:31:28
2026-06-02 14:30:26 [INFO] ============================================================
2026-06-02 14:30:26 [INFO]   HOURLY IMPRESSIONS REFRESH
2026-06-02 14:30:26 [INFO]   Window: 2026-05-04 → 2026-06-02
2026-06-02 14:30:26 [INFO] ============================================================
2026-06-02 14:30:27 [INFO] ▶ Raho Saadaa
2026-06-02 14:30:27 [INFO]   Fetching today's Meta data...
2026-06-02 14:30:37 [INFO]   → 320 ads from Meta
2026-06-02 14:30:37 [INFO]   Reading primary_table from 2026-05-04...
2026-06-02 14:31:28 [INFO]   → 25872 historical rows
2026-06-02 14:31:28 [INFO]   → 1593 unique ads aggregated
2026-06-02 14:31:30 [INFO]   ✓ results_table row written
2026-06-02 14:31:30 [INFO] ▶ Fourth Ad Account - SD
2026-06-02 14:31:30 [INFO]   Fetching today's Meta data...
2026-06-02 14:31:36 [INFO]   → 145 ads from Meta
2026-06-02 14:31:36 [INFO]   Reading primary_table from 2026-05-04...
2026-06-02 14:31:52 [INFO]   → 5986 historical rows
2026-06-02 14:31:52 [INFO]   → 380 unique ads aggregated
2026-06-02 14:31:52 [INFO]   ✓ results_table row written
2026-06-02 14:31:52 [INFO] ▶ Third Ad Account - SD
2026-06-02 14:31:52 [INFO]   Fetching today's Meta data...
2026-06-02 14:31:56 [INFO]   → 84 ads from Meta
2026-06-02 14:31:56 [INFO]   Reading primary_table from 2026-05-04...
2026-06-02 14:32:15 [INFO]   → 4776 historical rows
2026-06-02 14:32:15 [INFO]   → 244 unique ads aggregated
2026-06-02 14:32:16 [INFO]   ✓ results_table row written
2026-06-02 14:32:16 [INFO] ▶ All Accounts (combined)
2026-06-02 14:32:19 [INFO]   ✓ Combined row written — 2217 unique ads
2026-06-02 14:32:19 [INFO] Purged old rows — keeping latest 1 per account
2026-06-02 14:32:19 [INFO] DONE at 14:32:19
2026-06-02 15:30:17 [INFO] ============================================================
2026-06-02 15:30:17 [INFO]   HOURLY IMPRESSIONS REFRESH
2026-06-02 15:30:17 [INFO]   Window: 2026-05-04 → 2026-06-02
2026-06-02 15:30:17 [INFO] ============================================================
2026-06-02 15:30:19 [INFO] ▶ Raho Saadaa
2026-06-02 15:30:19 [INFO]   Fetching today's Meta data...
2026-06-02 15:30:33 [INFO]   → 331 ads from Meta
2026-06-02 15:30:33 [INFO]   Reading primary_table from 2026-05-04...
2026-06-02 15:30:55 [INFO]   → 25872 historical rows
2026-06-02 15:30:55 [INFO]   → 1593 unique ads aggregated
2026-06-02 15:30:57 [INFO]   ✓ results_table row written
2026-06-02 15:30:57 [INFO] ▶ Fourth Ad Account - SD
2026-06-02 15:30:57 [INFO]   Fetching today's Meta data...
2026-06-02 15:31:01 [INFO]   → 146 ads from Meta
2026-06-02 15:31:01 [INFO]   Reading primary_table from 2026-05-04...
2026-06-02 15:31:04 [INFO]   → 5986 historical rows
2026-06-02 15:31:04 [INFO]   → 380 unique ads aggregated
2026-06-02 15:31:05 [INFO]   ✓ results_table row written
2026-06-02 15:31:05 [INFO] ▶ Third Ad Account - SD
2026-06-02 15:31:05 [INFO]   Fetching today's Meta data...
2026-06-02 15:31:08 [INFO]   → 84 ads from Meta
2026-06-02 15:31:08 [INFO]   Reading primary_table from 2026-05-04...
2026-06-02 15:31:13 [INFO]   → 4776 historical rows
2026-06-02 15:31:13 [INFO]   → 244 unique ads aggregated
2026-06-02 15:31:14 [INFO]   ✓ results_table row written
2026-06-02 15:31:14 [INFO] ▶ All Accounts (combined)
2026-06-02 15:31:16 [INFO]   ✓ Combined row written — 2217 unique ads
2026-06-02 15:31:17 [INFO] Purged old rows — keeping latest 1 per account
2026-06-02 15:31:17 [INFO] DONE at 15:31:17
2026-06-02 17:30:05 [INFO] ============================================================
2026-06-02 17:30:05 [INFO]   HOURLY IMPRESSIONS REFRESH
2026-06-02 17:30:05 [INFO]   Window: 2026-05-04 → 2026-06-02
2026-06-02 17:30:05 [INFO] ============================================================
2026-06-02 17:30:07 [INFO] ▶ Raho Saadaa
2026-06-02 17:30:07 [INFO]   Fetching today's Meta data...
2026-06-02 17:30:20 [INFO]   → 346 ads from Meta
2026-06-02 17:30:20 [INFO]   Reading primary_table from 2026-05-04...
2026-06-02 17:31:20 [INFO]   → 25872 historical rows
2026-06-02 17:31:20 [INFO]   → 1594 unique ads aggregated
2026-06-02 17:31:22 [INFO]   ✓ results_table row written
2026-06-02 17:31:22 [INFO] ▶ Fourth Ad Account - SD
2026-06-02 17:31:22 [INFO]   Fetching today's Meta data...
2026-06-02 17:31:27 [INFO]   → 162 ads from Meta
2026-06-02 17:31:27 [INFO]   Reading primary_table from 2026-05-04...
2026-06-02 17:31:40 [INFO]   → 5986 historical rows
2026-06-02 17:31:40 [INFO]   → 385 unique ads aggregated
2026-06-02 17:31:41 [INFO]   ✓ results_table row written
2026-06-02 17:31:41 [INFO] ▶ Third Ad Account - SD
2026-06-02 17:31:41 [INFO]   Fetching today's Meta data...
2026-06-02 17:31:45 [INFO]   → 88 ads from Meta
2026-06-02 17:31:45 [INFO]   Reading primary_table from 2026-05-04...
2026-06-02 17:31:57 [INFO]   → 4776 historical rows
2026-06-02 17:31:57 [INFO]   → 244 unique ads aggregated
2026-06-02 17:31:57 [INFO]   ✓ results_table row written
2026-06-02 17:31:57 [INFO] ▶ All Accounts (combined)
2026-06-02 17:32:00 [INFO]   ✓ Combined row written — 2223 unique ads
2026-06-02 17:32:00 [INFO] Purged old rows — keeping latest 1 per account
2026-06-02 17:32:00 [INFO] DONE at 17:32:00
2026-06-02 18:30:00 [INFO] ============================================================
2026-06-02 18:30:00 [INFO]   HOURLY IMPRESSIONS REFRESH
2026-06-02 18:30:00 [INFO]   Window: 2026-05-04 → 2026-06-02
2026-06-02 18:30:00 [INFO] ============================================================
2026-06-02 18:30:02 [INFO] ▶ Raho Saadaa
2026-06-02 18:30:02 [INFO]   Fetching today's Meta data...
2026-06-02 18:30:14 [INFO]   → 352 ads from Meta
2026-06-02 18:30:14 [INFO]   Reading primary_table from 2026-05-04...
2026-06-03 11:30:05 [INFO] ============================================================
2026-06-03 11:30:05 [INFO]   HOURLY IMPRESSIONS REFRESH
2026-06-03 11:30:05 [INFO]   Window: 2026-05-05 → 2026-06-03
2026-06-03 11:30:05 [INFO] ============================================================
2026-06-03 11:30:09 [INFO] ▶ Raho Saadaa
2026-06-03 11:30:09 [INFO]   Fetching today's Meta data...
2026-06-03 11:30:18 [INFO]   → 287 ads from Meta
2026-06-03 11:30:18 [INFO]   Reading primary_table from 2026-05-05...
2026-06-03 11:31:15 [INFO]   → 25989 historical rows
2026-06-03 11:31:15 [INFO]   → 1556 unique ads aggregated
2026-06-03 11:31:18 [INFO]   ✓ results_table row written
2026-06-03 11:31:18 [INFO] ▶ Fourth Ad Account - SD
2026-06-03 11:31:18 [INFO]   Fetching today's Meta data...
2026-06-03 11:31:24 [INFO]   → 129 ads from Meta
2026-06-03 11:31:24 [INFO]   Reading primary_table from 2026-05-05...
2026-06-03 11:31:31 [INFO]   → 6118 historical rows
2026-06-03 11:31:31 [INFO]   → 380 unique ads aggregated
2026-06-03 11:31:32 [INFO]   ✓ results_table row written
2026-06-03 11:31:32 [INFO] ▶ Third Ad Account - SD
2026-06-03 11:31:32 [INFO]   Fetching today's Meta data...
2026-06-03 11:31:36 [INFO]   → 74 ads from Meta
2026-06-03 11:31:36 [INFO]   Reading primary_table from 2026-05-05...
2026-06-03 11:31:45 [INFO]   → 4793 historical rows
2026-06-03 11:31:45 [INFO]   → 244 unique ads aggregated
2026-06-03 11:31:45 [INFO]   ✓ results_table row written
2026-06-03 11:31:45 [INFO] ▶ All Accounts (combined)
2026-06-03 11:31:48 [INFO]   ✓ Combined row written — 2180 unique ads
2026-06-03 11:31:49 [INFO] Purged old rows — keeping latest 1 per account
2026-06-03 11:31:49 [INFO] DONE at 11:31:49
2026-06-03 12:30:20 [INFO] ============================================================
2026-06-03 12:30:20 [INFO]   HOURLY IMPRESSIONS REFRESH
2026-06-03 12:30:20 [INFO]   Window: 2026-05-05 → 2026-06-03
2026-06-03 12:30:20 [INFO] ============================================================
2026-06-03 12:30:21 [INFO] ▶ Raho Saadaa
2026-06-03 12:30:21 [INFO]   Fetching today's Meta data...
2026-06-03 12:30:31 [INFO]   → 303 ads from Meta
2026-06-03 12:30:31 [INFO]   Reading primary_table from 2026-05-05...
2026-06-03 12:31:00 [INFO]   → 27614 historical rows
2026-06-03 12:31:00 [INFO]   → 1556 unique ads aggregated
2026-06-03 12:31:03 [INFO]   ✓ results_table row written
2026-06-03 12:31:03 [INFO] ▶ Fourth Ad Account - SD
2026-06-03 12:31:03 [INFO]   Fetching today's Meta data...
2026-06-03 12:31:10 [INFO]   → 134 ads from Meta
2026-06-03 12:31:10 [INFO]   Reading primary_table from 2026-05-05...
2026-06-03 12:31:16 [INFO]   → 6127 historical rows
2026-06-03 12:31:16 [INFO]   → 380 unique ads aggregated
2026-06-03 12:31:16 [INFO]   ✓ results_table row written
2026-06-03 12:31:16 [INFO] ▶ Third Ad Account - SD
2026-06-03 12:31:16 [INFO]   Fetching today's Meta data...
2026-06-03 12:31:20 [INFO]   → 79 ads from Meta
2026-06-03 12:31:20 [INFO]   Reading primary_table from 2026-05-05...
2026-06-03 12:31:28 [INFO]   → 4793 historical rows
2026-06-03 12:31:28 [INFO]   → 244 unique ads aggregated
2026-06-03 12:31:28 [INFO]   ✓ results_table row written
2026-06-03 12:31:28 [INFO] ▶ All Accounts (combined)
2026-06-03 12:31:31 [INFO]   ✓ Combined row written — 2180 unique ads
2026-06-03 12:31:32 [INFO] Purged old rows — keeping latest 1 per account
2026-06-03 12:31:32 [INFO] DONE at 12:31:32
2026-06-03 14:30:29 [INFO] ============================================================
2026-06-03 14:30:29 [INFO]   HOURLY IMPRESSIONS REFRESH
2026-06-03 14:30:29 [INFO]   Window: 2026-05-05 → 2026-06-03
2026-06-03 14:30:29 [INFO] ============================================================
2026-06-03 16:30:05 [INFO] ============================================================
2026-06-03 16:30:05 [INFO]   HOURLY IMPRESSIONS REFRESH
2026-06-03 16:30:05 [INFO]   Window: 2026-05-05 → 2026-06-03
2026-06-03 16:30:05 [INFO] ============================================================
2026-06-03 16:30:07 [INFO] ▶ Raho Saadaa
2026-06-03 16:30:07 [INFO]   Fetching today's Meta data...
2026-06-03 16:30:19 [INFO]   → 354 ads from Meta
2026-06-03 16:30:19 [INFO]   Reading primary_table from 2026-05-05...
2026-06-03 16:31:41 [INFO]   → 27614 historical rows
2026-06-03 16:31:41 [INFO]   → 1556 unique ads aggregated
2026-06-03 16:31:45 [INFO]   ✓ results_table row written
2026-06-03 16:31:45 [INFO] ▶ Fourth Ad Account - SD
2026-06-03 16:31:45 [INFO]   Fetching today's Meta data...
2026-06-03 16:31:50 [INFO]   → 149 ads from Meta
2026-06-03 16:31:50 [INFO]   Reading primary_table from 2026-05-05...
2026-06-03 16:32:10 [INFO]   → 6325 historical rows
2026-06-03 16:32:10 [INFO]   → 381 unique ads aggregated
2026-06-03 16:32:11 [INFO]   ✓ results_table row written
2026-06-03 16:32:11 [INFO] ▶ Third Ad Account - SD
2026-06-03 16:32:11 [INFO]   Fetching today's Meta data...
2026-06-03 16:32:16 [INFO]   → 85 ads from Meta
2026-06-03 16:32:16 [INFO]   Reading primary_table from 2026-05-05...
2026-06-03 16:32:35 [INFO]   → 4948 historical rows
2026-06-03 16:32:35 [INFO]   → 244 unique ads aggregated
2026-06-03 16:32:36 [INFO]   ✓ results_table row written
2026-06-03 16:32:36 [INFO] ▶ All Accounts (combined)
2026-06-03 16:32:43 [INFO]   ✓ Combined row written — 2181 unique ads
2026-06-03 16:32:43 [INFO] Purged old rows — keeping latest 1 per account
2026-06-03 16:32:43 [INFO] DONE at 16:32:43
2026-06-03 17:30:14 [INFO] ============================================================
2026-06-03 17:30:14 [INFO]   HOURLY IMPRESSIONS REFRESH
2026-06-03 17:30:14 [INFO]   Window: 2026-05-05 → 2026-06-03
2026-06-03 17:30:14 [INFO] ============================================================
2026-06-03 17:30:15 [INFO] ▶ Raho Saadaa
2026-06-03 17:30:15 [INFO]   Fetching today's Meta data...
2026-06-03 17:30:25 [INFO]   → 357 ads from Meta
2026-06-03 17:30:25 [INFO]   Reading primary_table from 2026-05-05...
2026-06-03 17:30:37 [INFO]   → 27614 historical rows
2026-06-03 17:30:37 [INFO]   → 1556 unique ads aggregated
2026-06-03 17:30:39 [INFO]   ✓ results_table row written
2026-06-03 17:30:39 [INFO] ▶ Fourth Ad Account - SD
2026-06-03 17:30:39 [INFO]   Fetching today's Meta data...
2026-06-03 17:30:43 [INFO]   → 153 ads from Meta
2026-06-03 17:30:43 [INFO]   Reading primary_table from 2026-05-05...
2026-06-03 17:30:55 [INFO]   → 6325 historical rows
2026-06-03 17:30:55 [INFO]   → 381 unique ads aggregated
2026-06-03 17:30:57 [INFO]   ✓ results_table row written
2026-06-03 17:30:57 [INFO] ▶ Third Ad Account - SD
2026-06-03 17:30:57 [INFO]   Fetching today's Meta data...
2026-06-03 17:31:00 [INFO]   → 86 ads from Meta
2026-06-03 17:31:00 [INFO]   Reading primary_table from 2026-05-05...
2026-06-03 17:31:12 [INFO]   → 4948 historical rows
2026-06-03 17:31:12 [INFO]   → 244 unique ads aggregated
2026-06-03 17:31:13 [INFO]   ✓ results_table row written
2026-06-03 17:31:13 [INFO] ▶ All Accounts (combined)
2026-06-03 17:31:16 [INFO]   ✓ Combined row written — 2181 unique ads
2026-06-03 17:31:16 [INFO] Purged old rows — keeping latest 1 per account
2026-06-03 17:31:16 [INFO] DONE at 17:31:16
2026-06-03 20:30:00 [INFO] ============================================================
2026-06-03 20:30:00 [INFO]   HOURLY IMPRESSIONS REFRESH
2026-06-03 20:30:00 [INFO]   Window: 2026-05-05 → 2026-06-03
2026-06-03 20:30:00 [INFO] ============================================================
2026-06-03 20:30:02 [INFO] ▶ Raho Saadaa
2026-06-03 20:30:02 [INFO]   Fetching today's Meta data...
2026-06-03 20:30:11 [INFO]   → 380 ads from Meta
2026-06-03 20:30:11 [INFO]   Reading primary_table from 2026-05-05...
2026-06-03 20:30:18 [INFO]   → 27614 historical rows
2026-06-03 20:30:18 [INFO]   → 1557 unique ads aggregated
2026-06-03 20:30:19 [INFO]   ✓ results_table row written
2026-06-03 20:30:19 [INFO] ▶ Fourth Ad Account - SD
2026-06-03 20:30:19 [INFO]   Fetching today's Meta data...
2026-06-03 20:30:26 [INFO]   → 157 ads from Meta
2026-06-03 20:30:26 [INFO]   Reading primary_table from 2026-05-05...
2026-06-03 20:30:28 [INFO]   → 6325 historical rows
2026-06-03 20:30:28 [INFO]   → 381 unique ads aggregated
2026-06-03 20:30:28 [INFO]   ✓ results_table row written
2026-06-03 20:30:28 [INFO] ▶ Third Ad Account - SD
2026-06-03 20:30:28 [INFO]   Fetching today's Meta data...
2026-06-03 20:30:32 [INFO]   → 91 ads from Meta
2026-06-03 20:30:32 [INFO]   Reading primary_table from 2026-05-05...
2026-06-03 20:30:34 [INFO]   → 4948 historical rows
2026-06-03 20:30:34 [INFO]   → 244 unique ads aggregated
2026-06-03 20:30:35 [INFO]   ✓ results_table row written
2026-06-03 20:30:35 [INFO] ▶ All Accounts (combined)
2026-06-03 20:30:36 [INFO]   ✓ Combined row written — 2182 unique ads
2026-06-03 20:30:37 [INFO] Purged old rows — keeping latest 1 per account
2026-06-03 20:30:37 [INFO] DONE at 20:30:37
2026-06-03 21:30:08 [INFO] ============================================================
2026-06-03 21:30:08 [INFO]   HOURLY IMPRESSIONS REFRESH
2026-06-03 21:30:08 [INFO]   Window: 2026-05-05 → 2026-06-03
2026-06-03 21:30:08 [INFO] ============================================================
2026-06-03 21:30:09 [INFO] ▶ Raho Saadaa
2026-06-03 21:30:09 [INFO]   Fetching today's Meta data...
2026-06-03 21:30:24 [INFO]   → 384 ads from Meta
2026-06-03 21:30:24 [INFO]   Reading primary_table from 2026-05-05...
2026-06-03 21:30:33 [INFO]   → 27614 historical rows
2026-06-03 21:30:33 [INFO]   → 1557 unique ads aggregated
2026-06-03 21:30:34 [INFO]   ✓ results_table row written
2026-06-03 21:30:34 [INFO] ▶ Fourth Ad Account - SD
2026-06-03 21:30:34 [INFO]   Fetching today's Meta data...
2026-06-03 21:30:39 [INFO]   → 158 ads from Meta
2026-06-03 21:30:39 [INFO]   Reading primary_table from 2026-05-05...
2026-06-03 21:30:42 [INFO]   → 6325 historical rows
2026-06-03 21:30:42 [INFO]   → 381 unique ads aggregated
2026-06-03 21:30:44 [INFO]   ✓ results_table row written
2026-06-03 21:30:44 [INFO] ▶ Third Ad Account - SD
2026-06-03 21:30:44 [INFO]   Fetching today's Meta data...
2026-06-03 21:30:48 [INFO]   → 92 ads from Meta
2026-06-03 21:30:48 [INFO]   Reading primary_table from 2026-05-05...
2026-06-03 21:30:50 [INFO]   → 4948 historical rows
2026-06-03 21:30:50 [INFO]   → 244 unique ads aggregated
2026-06-03 21:30:51 [INFO]   ✓ results_table row written
2026-06-03 21:30:51 [INFO] ▶ All Accounts (combined)
2026-06-03 21:30:53 [INFO]   ✓ Combined row written — 2182 unique ads
2026-06-03 21:30:53 [INFO] Purged old rows — keeping latest 1 per account
2026-06-03 21:30:53 [INFO] DONE at 21:30:53
2026-06-04 11:30:28 [INFO] ============================================================
2026-06-04 11:30:28 [INFO]   HOURLY IMPRESSIONS REFRESH
2026-06-04 11:30:28 [INFO]   Window: 2026-05-06 → 2026-06-04
2026-06-04 11:30:28 [INFO] ============================================================
2026-06-04 11:30:31 [INFO] ▶ Raho Saadaa
2026-06-04 11:30:31 [INFO]   Fetching today's Meta data...
2026-06-04 11:30:44 [INFO]   → 285 ads from Meta
2026-06-04 11:30:44 [INFO]   Reading primary_table from 2026-05-06...
2026-06-04 11:32:48 [INFO]   → 26843 historical rows
2026-06-04 11:32:48 [INFO]   → 1521 unique ads aggregated
2026-06-04 11:32:50 [INFO]   ✓ results_table row written
2026-06-04 11:32:50 [INFO] ▶ Fourth Ad Account - SD
2026-06-04 11:32:50 [INFO]   Fetching today's Meta data...
2026-06-04 11:32:56 [INFO]   → 121 ads from Meta
2026-06-04 11:32:56 [INFO]   Reading primary_table from 2026-05-06...
2026-06-04 11:33:16 [INFO]   → 6157 historical rows
2026-06-04 11:33:16 [INFO]   → 373 unique ads aggregated
2026-06-04 11:33:17 [INFO]   ✓ results_table row written
2026-06-04 11:33:17 [INFO] ▶ Third Ad Account - SD
2026-06-04 11:33:17 [INFO]   Fetching today's Meta data...
2026-06-04 11:33:20 [INFO]   → 71 ads from Meta
2026-06-04 11:33:20 [INFO]   Reading primary_table from 2026-05-06...
2026-06-04 11:33:35 [INFO]   → 4804 historical rows
2026-06-04 11:33:35 [INFO]   → 244 unique ads aggregated
2026-06-04 11:33:36 [INFO]   ✓ results_table row written
2026-06-04 11:33:36 [INFO] ▶ All Accounts (combined)
2026-06-04 11:33:40 [INFO]   ✓ Combined row written — 2138 unique ads
2026-06-04 11:33:41 [INFO] Purged old rows — keeping latest 1 per account
2026-06-04 11:33:41 [INFO] DONE at 11:33:41
2026-06-04 12:30:11 [INFO] ============================================================
2026-06-04 12:30:11 [INFO]   HOURLY IMPRESSIONS REFRESH
2026-06-04 12:30:11 [INFO]   Window: 2026-05-06 → 2026-06-04
2026-06-04 12:30:11 [INFO] ============================================================
2026-06-04 12:30:13 [INFO] ▶ Raho Saadaa
2026-06-04 12:30:13 [INFO]   Fetching today's Meta data...
2026-06-04 12:30:24 [INFO]   → 305 ads from Meta
2026-06-04 12:30:24 [INFO]   Reading primary_table from 2026-05-06...
2026-06-04 12:33:30 [INFO]   → 26843 historical rows
2026-06-04 12:33:30 [INFO]   → 1523 unique ads aggregated
2026-06-04 12:33:33 [INFO]   ✓ results_table row written
2026-06-04 12:33:33 [INFO] ▶ Fourth Ad Account - SD
2026-06-04 12:33:33 [INFO]   Fetching today's Meta data...
2026-06-04 12:33:41 [INFO]   → 130 ads from Meta
2026-06-04 12:33:41 [INFO]   Reading primary_table from 2026-05-06...
2026-06-04 12:34:18 [INFO]   → 6157 historical rows
2026-06-04 12:34:18 [INFO]   → 373 unique ads aggregated
2026-06-04 12:34:19 [INFO]   ✓ results_table row written
2026-06-04 12:34:19 [INFO] ▶ Third Ad Account - SD
2026-06-04 12:34:19 [INFO]   Fetching today's Meta data...
2026-06-04 12:34:25 [INFO]   → 73 ads from Meta
2026-06-04 12:34:25 [INFO]   Reading primary_table from 2026-05-06...
2026-06-04 12:34:44 [INFO]   → 4804 historical rows
2026-06-04 12:34:44 [INFO]   → 244 unique ads aggregated
2026-06-04 12:34:45 [INFO]   ✓ results_table row written
2026-06-04 12:34:45 [INFO] ▶ All Accounts (combined)
2026-06-04 12:34:52 [INFO]   ✓ Combined row written — 2140 unique ads
2026-06-04 12:34:52 [INFO] Purged old rows — keeping latest 1 per account
2026-06-04 12:34:52 [INFO] DONE at 12:34:52
2026-06-04 13:30:22 [INFO] ============================================================
2026-06-04 13:30:22 [INFO]   HOURLY IMPRESSIONS REFRESH
2026-06-04 13:30:22 [INFO]   Window: 2026-05-06 → 2026-06-04
2026-06-04 13:30:22 [INFO] ============================================================
2026-06-04 13:30:25 [INFO] ▶ Raho Saadaa
2026-06-04 13:30:25 [INFO]   Fetching today's Meta data...
2026-06-04 13:30:40 [INFO]   → 321 ads from Meta
2026-06-04 13:30:40 [INFO]   Reading primary_table from 2026-05-06...
2026-06-04 13:32:08 [INFO]   → 26843 historical rows
2026-06-04 13:32:08 [INFO]   → 1525 unique ads aggregated
2026-06-04 13:32:10 [INFO]   ✓ results_table row written
2026-06-04 13:32:10 [INFO] ▶ Fourth Ad Account - SD
2026-06-04 13:32:10 [INFO]   Fetching today's Meta data...
2026-06-04 13:32:15 [INFO]   → 135 ads from Meta
2026-06-04 13:32:15 [INFO]   Reading primary_table from 2026-05-06...
2026-06-04 13:32:39 [INFO]   → 6157 historical rows
2026-06-04 13:32:39 [INFO]   → 373 unique ads aggregated
2026-06-04 13:32:41 [INFO]   ✓ results_table row written
2026-06-04 13:32:41 [INFO] ▶ Third Ad Account - SD
2026-06-04 13:32:41 [INFO]   Fetching today's Meta data...
2026-06-04 13:32:45 [INFO]   → 74 ads from Meta
2026-06-04 13:32:45 [INFO]   Reading primary_table from 2026-05-06...
2026-06-04 13:33:04 [INFO]   → 4804 historical rows
2026-06-04 13:33:04 [INFO]   → 244 unique ads aggregated
2026-06-04 13:33:06 [INFO]   ✓ results_table row written
2026-06-04 13:33:06 [INFO] ▶ All Accounts (combined)
2026-06-04 13:33:11 [INFO]   ✓ Combined row written — 2142 unique ads
2026-06-04 13:33:12 [INFO] Purged old rows — keeping latest 1 per account
2026-06-04 13:33:12 [INFO] DONE at 13:33:12
2026-06-04 14:30:00 [INFO] ============================================================
2026-06-04 14:30:00 [INFO]   HOURLY IMPRESSIONS REFRESH
2026-06-04 14:30:00 [INFO]   Window: 2026-05-06 → 2026-06-04
2026-06-04 14:30:00 [INFO] ============================================================
2026-06-04 14:30:02 [INFO] ▶ Raho Saadaa
2026-06-04 14:30:02 [INFO]   Fetching today's Meta data...
2026-06-04 14:30:11 [INFO]   → 323 ads from Meta
2026-06-04 14:30:11 [INFO]   Reading primary_table from 2026-05-06...
2026-06-04 14:30:52 [INFO]   → 26843 historical rows
2026-06-04 14:30:52 [INFO]   → 1525 unique ads aggregated
2026-06-04 14:30:54 [INFO]   ✓ results_table row written
2026-06-04 14:30:54 [INFO] ▶ Fourth Ad Account - SD
2026-06-04 14:30:54 [INFO]   Fetching today's Meta data...
2026-06-04 14:30:58 [INFO]   → 136 ads from Meta
2026-06-04 14:30:58 [INFO]   Reading primary_table from 2026-05-06...
2026-06-04 14:31:13 [INFO]   → 6157 historical rows
2026-06-04 14:31:13 [INFO]   → 373 unique ads aggregated
2026-06-04 14:31:14 [INFO]   ✓ results_table row written
2026-06-04 14:31:14 [INFO] ▶ Third Ad Account - SD
2026-06-04 14:31:14 [INFO]   Fetching today's Meta data...
2026-06-04 14:31:19 [INFO]   → 74 ads from Meta
2026-06-04 14:31:19 [INFO]   Reading primary_table from 2026-05-06...
2026-06-04 14:31:31 [INFO]   → 4804 historical rows
2026-06-04 14:31:31 [INFO]   → 244 unique ads aggregated
2026-06-04 14:31:32 [INFO]   ✓ results_table row written
2026-06-04 14:31:32 [INFO] ▶ All Accounts (combined)
2026-06-04 14:31:34 [INFO]   ✓ Combined row written — 2142 unique ads
2026-06-04 14:31:35 [INFO] Purged old rows — keeping latest 1 per account
2026-06-04 14:31:35 [INFO] DONE at 14:31:35
2026-06-04 15:30:05 [INFO] ============================================================
2026-06-04 15:30:06 [INFO]   HOURLY IMPRESSIONS REFRESH
2026-06-04 15:30:06 [INFO]   Window: 2026-05-06 → 2026-06-04
2026-06-04 15:30:06 [INFO] ============================================================
2026-06-04 15:30:07 [INFO] ▶ Raho Saadaa
2026-06-04 15:30:07 [INFO]   Fetching today's Meta data...
2026-06-04 15:30:18 [INFO]   → 325 ads from Meta
2026-06-04 15:30:18 [INFO]   Reading primary_table from 2026-05-06...
2026-06-04 15:31:02 [INFO]   → 26843 historical rows
2026-06-04 15:31:02 [INFO]   → 1525 unique ads aggregated
2026-06-04 15:31:04 [INFO]   ✓ results_table row written
2026-06-04 15:31:04 [INFO] ▶ Fourth Ad Account - SD
2026-06-04 15:31:04 [INFO]   Fetching today's Meta data...
2026-06-04 15:31:09 [INFO]   → 137 ads from Meta
2026-06-04 15:31:09 [INFO]   Reading primary_table from 2026-05-06...
2026-06-04 15:31:20 [INFO]   → 6157 historical rows
2026-06-04 15:31:20 [INFO]   → 373 unique ads aggregated
2026-06-04 15:31:21 [INFO]   ✓ results_table row written
2026-06-04 15:31:21 [INFO] ▶ Third Ad Account - SD
2026-06-04 15:31:21 [INFO]   Fetching today's Meta data...
2026-06-04 15:31:24 [INFO]   → 74 ads from Meta
2026-06-04 15:31:24 [INFO]   Reading primary_table from 2026-05-06...
2026-06-04 15:31:32 [INFO]   → 4804 historical rows
2026-06-04 15:31:32 [INFO]   → 244 unique ads aggregated
2026-06-04 15:31:33 [INFO]   ✓ results_table row written
2026-06-04 15:31:33 [INFO] ▶ All Accounts (combined)
2026-06-04 15:31:38 [INFO]   ✓ Combined row written — 2142 unique ads
2026-06-04 15:31:38 [INFO] Purged old rows — keeping latest 1 per account
2026-06-04 15:31:38 [INFO] DONE at 15:31:38
